06:21:47.281 [main] INFO  com.stu.infra.cdc.sms.Main - Adding gateway - Modem1 
06:21:47.281 [main] INFO  com.stu.infra.cdc.sms.Main - SMSServer starting... 
06:22:05.334 [main] INFO  com.stu.infra.cdc.sms.Main - SMSServer started. 
06:22:05.334 [SMSServer - InboundPollingThread] DEBUG c.s.i.c.s.Main$InboundPollingThread - InboundPollingThread - Running 
06:22:15.445 [SMSServer - InboundPollingThread] DEBUG c.s.i.c.s.Main$InboundPollingThread - InboundPollingThread - Running 
06:22:25.516 [SMSServer - InboundPollingThread] DEBUG c.s.i.c.s.Main$InboundPollingThread - InboundPollingThread - Running 
06:22:35.596 [SMSServer - InboundPollingThread] DEBUG c.s.i.c.s.Main$InboundPollingThread - InboundPollingThread - Running 
06:22:45.678 [SMSServer - InboundPollingThread] DEBUG c.s.i.c.s.Main$InboundPollingThread - InboundPollingThread - Running 
06:22:55.758 [SMSServer - InboundPollingThread] DEBUG c.s.i.c.s.Main$InboundPollingThread - InboundPollingThread - Running 
06:23:05.830 [SMSServer - InboundPollingThread] DEBUG c.s.i.c.s.Main$InboundPollingThread - InboundPollingThread - Running 
06:23:15.920 [SMSServer - InboundPollingThread] DEBUG c.s.i.c.s.Main$InboundPollingThread - InboundPollingThread - Running 
06:23:26.000 [SMSServer - InboundPollingThread] DEBUG c.s.i.c.s.Main$InboundPollingThread - InboundPollingThread - Running 
06:23:36.080 [SMSServer - InboundPollingThread] DEBUG c.s.i.c.s.Main$InboundPollingThread - InboundPollingThread - Running 
06:23:46.160 [SMSServer - InboundPollingThread] DEBUG c.s.i.c.s.Main$InboundPollingThread - InboundPollingThread - Running 
06:23:56.248 [SMSServer - InboundPollingThread] DEBUG c.s.i.c.s.Main$InboundPollingThread - InboundPollingThread - Running 
06:24:06.326 [SMSServer - InboundPollingThread] DEBUG c.s.i.c.s.Main$InboundPollingThread - InboundPollingThread - Running 
06:24:16.411 [SMSServer - InboundPollingThread] DEBUG c.s.i.c.s.Main$InboundPollingThread - InboundPollingThread - Running 
06:24:26.489 [SMSServer - InboundPollingThread] DEBUG c.s.i.c.s.Main$InboundPollingThread - InboundPollingThread - Running 
06:24:36.561 [SMSServer - InboundPollingThread] DEBUG c.s.i.c.s.Main$InboundPollingThread - InboundPollingThread - Running 
06:24:46.651 [SMSServer - InboundPollingThread] DEBUG c.s.i.c.s.Main$InboundPollingThread - InboundPollingThread - Running 
06:24:56.725 [SMSServer - InboundPollingThread] DEBUG c.s.i.c.s.Main$InboundPollingThread - InboundPollingThread - Running 
06:25:06.828 [SMSServer - InboundPollingThread] DEBUG c.s.i.c.s.Main$InboundPollingThread - InboundPollingThread - Running 
06:25:16.911 [SMSServer - InboundPollingThread] DEBUG c.s.i.c.s.Main$InboundPollingThread - InboundPollingThread - Running 
06:25:26.990 [SMSServer - InboundPollingThread] DEBUG c.s.i.c.s.Main$InboundPollingThread - InboundPollingThread - Running 
06:25:37.057 [SMSServer - InboundPollingThread] DEBUG c.s.i.c.s.Main$InboundPollingThread - InboundPollingThread - Running 
06:47:54.144 [main] INFO  com.stu.infra.cdc.sms.Main - Adding gateway - Modem1 
06:47:54.144 [main] INFO  com.stu.infra.cdc.sms.Main - SMSServer starting... 
06:48:12.216 [main] INFO  com.stu.infra.cdc.sms.Main - SMSServer started. 
06:48:12.216 [SMSServer - InboundPollingThread] DEBUG c.s.i.c.s.Main$InboundPollingThread - Running 
06:48:22.294 [SMSServer - InboundPollingThread] DEBUG c.s.i.c.s.Main$InboundPollingThread - Running 
06:48:32.383 [SMSServer - InboundPollingThread] DEBUG c.s.i.c.s.Main$InboundPollingThread - Running 
06:48:32.645 [SMSServer - InboundPollingThread] INFO  com.stu.infra.cdc.sms.Main - readMessages - SMS RECEIVED ON Modem1:
6287825411059
Time=29-09-2016 19:00:00
Gv=220.25,220.02,219.50
Gi=3.32,3.30,3.23
Bv=48.55
Bi=3.40
Gbv=20.34
Go=0
Rs=1
Bs=1
Gf=0
Lf=0
Rf=0
Blv=0
Cdc=2
-----------------------------------------------
 
06:48:33.791 [Thread-18] INFO  c.stu.infra.cdc.sms.Main$SmsHandler - Request http://infra.sinergiteknologi.com/api/sms/trap -->  
06:48:43.052 [SMSServer - InboundPollingThread] DEBUG c.s.i.c.s.Main$InboundPollingThread - Running 
06:48:53.125 [SMSServer - InboundPollingThread] DEBUG c.s.i.c.s.Main$InboundPollingThread - Running 
06:49:03.198 [SMSServer - InboundPollingThread] DEBUG c.s.i.c.s.Main$InboundPollingThread - Running 
06:49:13.265 [SMSServer - InboundPollingThread] DEBUG c.s.i.c.s.Main$InboundPollingThread - Running 
06:49:23.360 [SMSServer - InboundPollingThread] DEBUG c.s.i.c.s.Main$InboundPollingThread - Running 
06:49:33.446 [SMSServer - InboundPollingThread] DEBUG c.s.i.c.s.Main$InboundPollingThread - Running 
06:49:43.519 [SMSServer - InboundPollingThread] DEBUG c.s.i.c.s.Main$InboundPollingThread - Running 
06:49:53.594 [SMSServer - InboundPollingThread] DEBUG c.s.i.c.s.Main$InboundPollingThread - Running 
06:50:03.681 [SMSServer - InboundPollingThread] DEBUG c.s.i.c.s.Main$InboundPollingThread - Running 
06:50:13.787 [SMSServer - InboundPollingThread] DEBUG c.s.i.c.s.Main$InboundPollingThread - Running 
06:50:23.872 [SMSServer - InboundPollingThread] DEBUG c.s.i.c.s.Main$InboundPollingThread - Running 
06:50:33.977 [SMSServer - InboundPollingThread] DEBUG c.s.i.c.s.Main$InboundPollingThread - Running 
06:50:44.055 [SMSServer - InboundPollingThread] DEBUG c.s.i.c.s.Main$InboundPollingThread - Running 
06:50:54.121 [SMSServer - InboundPollingThread] DEBUG c.s.i.c.s.Main$InboundPollingThread - Running 
06:51:04.200 [SMSServer - InboundPollingThread] DEBUG c.s.i.c.s.Main$InboundPollingThread - Running 
11:07:59.177 [SMSServer - InboundPollingThread] DEBUG c.s.i.c.s.Main$InboundPollingThread - Running 
11:08:09.349 [SMSServer - InboundPollingThread] DEBUG c.s.i.c.s.Main$InboundPollingThread - Running 
11:08:19.531 [SMSServer - InboundPollingThread] DEBUG c.s.i.c.s.Main$InboundPollingThread - Running 
11:08:29.662 [SMSServer - InboundPollingThread] DEBUG c.s.i.c.s.Main$InboundPollingThread - Running 
11:08:39.772 [SMSServer - InboundPollingThread] DEBUG c.s.i.c.s.Main$InboundPollingThread - Running 
11:08:49.857 [SMSServer - InboundPollingThread] DEBUG c.s.i.c.s.Main$InboundPollingThread - Running 
11:09:00.000 [SMSServer - InboundPollingThread] DEBUG c.s.i.c.s.Main$InboundPollingThread - Running 
11:09:10.138 [SMSServer - InboundPollingThread] DEBUG c.s.i.c.s.Main$InboundPollingThread - Running 
11:09:20.284 [SMSServer - InboundPollingThread] DEBUG c.s.i.c.s.Main$InboundPollingThread - Running 
11:09:30.441 [SMSServer - InboundPollingThread] DEBUG c.s.i.c.s.Main$InboundPollingThread - Running 
11:09:40.561 [SMSServer - InboundPollingThread] DEBUG c.s.i.c.s.Main$InboundPollingThread - Running 
11:09:50.656 [SMSServer - InboundPollingThread] DEBUG c.s.i.c.s.Main$InboundPollingThread - Running 
11:10:00.822 [SMSServer - InboundPollingThread] DEBUG c.s.i.c.s.Main$InboundPollingThread - Running 
11:10:11.034 [SMSServer - InboundPollingThread] DEBUG c.s.i.c.s.Main$InboundPollingThread - Running 
11:10:21.221 [SMSServer - InboundPollingThread] DEBUG c.s.i.c.s.Main$InboundPollingThread - Running 
11:10:31.307 [SMSServer - InboundPollingThread] DEBUG c.s.i.c.s.Main$InboundPollingThread - Running 
11:10:41.416 [SMSServer - InboundPollingThread] DEBUG c.s.i.c.s.Main$InboundPollingThread - Running 
11:10:41.727 [SMSServer - InboundPollingThread] INFO  com.stu.infra.cdc.sms.Main - readMessages - SMS RECEIVED ON Modem1:
6287825411059
Time=29-09-2016 19:00:00
Gv=220.25,220.02,219.50
Gi=3.32,3.30,3.23
Bv=48.55
Bi=3.40
Gbv=20.34
Go=0
Rs=1
Bs=1
Gf=0
Lf=0
Rf=0
Blv=0
Cdc=2
-----------------------------------------------
 
11:10:41.907 [NotifyQueueManager] INFO  c.s.i.c.s.Main$InboundNotification - InboundNotification - SMS RECEIVED ON Modem1:
6287825411059
Time=29-09-2016 19:00:00
Gv=220.25,220.02,219.50
Gi=3.32,3.30,3.23
Bv=48.55
Bi=3.40
Gbv=20.34
Go=0
Rs=1
Bs=1
Gf=0
Lf=0
Rf=0
Blv=0
Cdc=2
-----------------------------------------------
 
11:10:43.404 [Thread-18] INFO  c.stu.infra.cdc.util.UdpPacketUtil - SEND TO SERVER : {"id":5,"originator":"6287825411059","encoding":"7","messageDate":{"year":2016,"era":1,"dayOfMonth":19,"dayOfWeek":3,"dayOfYear":293,"chronology":{"zone":{"fixed":true,"id":"UTC"}},"weekyear":2016,"monthOfYear":10,"yearOfEra":2016,"yearOfCentury":16,"centuryOfEra":20,"millisOfDay":40231687,"minuteOfHour":10,"hourOfDay":11,"weekOfWeekyear":42,"millisOfSecond":687,"secondOfMinute":31,"fields":[{"lenient":false,"minimumValue":-292275054,"maximumValue":292278993,"rangeDurationField":null,"leapDurationField":{"unitMillis":86400000,"precise":true,"name":"days","type":{"name":"days"},"supported":true},"durationField":{"unitMillis":31556952000,"precise":false,"name":"years","type":{"name":"years"},"supported":true},"name":"year","type":{"durationType":{"name":"years"},"rangeDurationType":null,"name":"year"},"supported":true},{"lenient":false,"minimumValue":1,"maximumValue":12,"rangeDurationField":{"unitMillis":31556952000,"precise":false,"name":"years","type":{"name":"years"},"supported":true},"leapDurationField":{"unitMillis":86400000,"precise":true,"name":"days","type":{"name":"days"},"supported":true},"durationField":{"unitMillis":2629746000,"precise":false,"name":"months","type":{"name":"months"},"supported":true},"name":"monthOfYear","type":{"durationType":{"name":"months"},"rangeDurationType":{"name":"years"},"name":"monthOfYear"},"supported":true},{"minimumValue":1,"maximumValue":31,"rangeDurationField":{"unitMillis":2629746000,"precise":false,"name":"months","type":{"name":"months"},"supported":true},"lenient":false,"unitMillis":86400000,"durationField":{"unitMillis":86400000,"precise":true,"name":"days","type":{"name":"days"},"supported":true},"name":"dayOfMonth","type":{"durationType":{"name":"days"},"rangeDurationType":{"name":"months"},"name":"dayOfMonth"},"supported":true,"leapDurationField":null},{"maximumValue":86399999,"range":86400000,"rangeDurationField":{"unitMillis":86400000,"precise":true,"name":"days","type":{"name":"days"},"supported":true},"lenient":false,"unitMillis":1,"durationField":{"name":"millis","type":{"name":"millis"},"supported":true,"unitMillis":1,"precise":true},"minimumValue":0,"name":"millisOfDay","type":{"durationType":{"name":"millis"},"rangeDurationType":{"name":"days"},"name":"millisOfDay"},"supported":true,"leapDurationField":null}],"values":[2016,10,19,40231687],"fieldTypes":[{"durationType":{"name":"years"},"rangeDurationType":null,"name":"year"},{"durationType":{"name":"months"},"rangeDurationType":{"name":"years"},"name":"monthOfYear"},{"durationType":{"name":"days"},"rangeDurationType":{"name":"months"},"name":"dayOfMonth"},{"durationType":{"name":"millis"},"rangeDurationType":{"name":"days"},"name":"millisOfDay"}]},"receiveDate":{"year":2016,"era":1,"dayOfMonth":19,"dayOfWeek":3,"dayOfYear":293,"chronology":{"zone":{"fixed":true,"id":"UTC"}},"weekyear":2016,"monthOfYear":10,"yearOfEra":2016,"yearOfCentury":16,"centuryOfEra":20,"millisOfDay":40241797,"minuteOfHour":10,"hourOfDay":11,"weekOfWeekyear":42,"millisOfSecond":797,"secondOfMinute":41,"fields":[{"lenient":false,"minimumValue":-292275054,"maximumValue":292278993,"rangeDurationField":null,"leapDurationField":{"unitMillis":86400000,"precise":true,"name":"days","type":{"name":"days"},"supported":true},"durationField":{"unitMillis":31556952000,"precise":false,"name":"years","type":{"name":"years"},"supported":true},"name":"year","type":{"durationType":{"name":"years"},"rangeDurationType":null,"name":"year"},"supported":true},{"lenient":false,"minimumValue":1,"maximumValue":12,"rangeDurationField":{"unitMillis":31556952000,"precise":false,"name":"years","type":{"name":"years"},"supported":true},"leapDurationField":{"unitMillis":86400000,"precise":true,"name":"days","type":{"name":"days"},"supported":true},"durationField":{"unitMillis":2629746000,"precise":false,"name":"months","type":{"name":"months"},"supported":true},"name":"monthOfYear","type":{"durationType":{"name":"months"},"rangeDurationType":{"name":"years"},"name":"monthOfYear"},"supported":true},{"minimumValue":1,"maximumValue":31,"rangeDurationField":{"unitMillis":2629746000,"precise":false,"name":"months","type":{"name":"months"},"supported":true},"lenient":false,"unitMillis":86400000,"durationField":{"unitMillis":86400000,"precise":true,"name":"days","type":{"name":"days"},"supported":true},"name":"dayOfMonth","type":{"durationType":{"name":"days"},"rangeDurationType":{"name":"months"},"name":"dayOfMonth"},"supported":true,"leapDurationField":null},{"maximumValue":86399999,"range":86400000,"rangeDurationField":{"unitMillis":86400000,"precise":true,"name":"days","type":{"name":"days"},"supported":true},"lenient":false,"unitMillis":1,"durationField":{"name":"millis","type":{"name":"millis"},"supported":true,"unitMillis":1,"precise":true},"minimumValue":0,"name":"millisOfDay","type":{"durationType":{"name":"millis"},"rangeDurationType":{"name":"days"},"name":"millisOfDay"},"supported":true,"leapDurationField":null}],"values":[2016,10,19,40241797],"fieldTypes":[{"durationType":{"name":"years"},"rangeDurationType":null,"name":"year"},{"durationType":{"name":"months"},"rangeDurationType":{"name":"years"},"name":"monthOfYear"},{"durationType":{"name":"days"},"rangeDurationType":{"name":"months"},"name":"dayOfMonth"},{"durationType":{"name":"millis"},"rangeDurationType":{"name":"days"},"name":"millisOfDay"}]},"text":"Time=29-09-2016 19:00:00\nGv=220.25,220.02,219.50\nGi=3.32,3.30,3.23\nBv=48.55\nBi=3.40\nGbv=20.34\nGo=0\nRs=1\nBs=1\nGf=0\nLf=0\nRf=0\nBlv=0\nCdc=2","gatewayId":"Modem1"} 
11:10:43.404 [Thread-19] INFO  c.stu.infra.cdc.util.UdpPacketUtil - SEND TO SERVER : {"id":6,"originator":"6287825411059","encoding":"7","messageDate":{"year":2016,"era":1,"dayOfMonth":19,"dayOfWeek":3,"dayOfYear":293,"chronology":{"zone":{"fixed":true,"id":"UTC"}},"weekyear":2016,"monthOfYear":10,"yearOfEra":2016,"yearOfCentury":16,"centuryOfEra":20,"millisOfDay":40231857,"minuteOfHour":10,"hourOfDay":11,"weekOfWeekyear":42,"millisOfSecond":857,"secondOfMinute":31,"fields":[{"lenient":false,"minimumValue":-292275054,"maximumValue":292278993,"rangeDurationField":null,"leapDurationField":{"unitMillis":86400000,"precise":true,"name":"days","type":{"name":"days"},"supported":true},"durationField":{"unitMillis":31556952000,"precise":false,"name":"years","type":{"name":"years"},"supported":true},"name":"year","type":{"durationType":{"name":"years"},"rangeDurationType":null,"name":"year"},"supported":true},{"lenient":false,"minimumValue":1,"maximumValue":12,"rangeDurationField":{"unitMillis":31556952000,"precise":false,"name":"years","type":{"name":"years"},"supported":true},"leapDurationField":{"unitMillis":86400000,"precise":true,"name":"days","type":{"name":"days"},"supported":true},"durationField":{"unitMillis":2629746000,"precise":false,"name":"months","type":{"name":"months"},"supported":true},"name":"monthOfYear","type":{"durationType":{"name":"months"},"rangeDurationType":{"name":"years"},"name":"monthOfYear"},"supported":true},{"minimumValue":1,"maximumValue":31,"rangeDurationField":{"unitMillis":2629746000,"precise":false,"name":"months","type":{"name":"months"},"supported":true},"lenient":false,"unitMillis":86400000,"durationField":{"unitMillis":86400000,"precise":true,"name":"days","type":{"name":"days"},"supported":true},"name":"dayOfMonth","type":{"durationType":{"name":"days"},"rangeDurationType":{"name":"months"},"name":"dayOfMonth"},"supported":true,"leapDurationField":null},{"maximumValue":86399999,"range":86400000,"rangeDurationField":{"unitMillis":86400000,"precise":true,"name":"days","type":{"name":"days"},"supported":true},"lenient":false,"unitMillis":1,"durationField":{"name":"millis","type":{"name":"millis"},"supported":true,"unitMillis":1,"precise":true},"minimumValue":0,"name":"millisOfDay","type":{"durationType":{"name":"millis"},"rangeDurationType":{"name":"days"},"name":"millisOfDay"},"supported":true,"leapDurationField":null}],"values":[2016,10,19,40231857],"fieldTypes":[{"durationType":{"name":"years"},"rangeDurationType":null,"name":"year"},{"durationType":{"name":"months"},"rangeDurationType":{"name":"years"},"name":"monthOfYear"},{"durationType":{"name":"days"},"rangeDurationType":{"name":"months"},"name":"dayOfMonth"},{"durationType":{"name":"millis"},"rangeDurationType":{"name":"days"},"name":"millisOfDay"}]},"receiveDate":{"year":2016,"era":1,"dayOfMonth":19,"dayOfWeek":3,"dayOfYear":293,"chronology":{"zone":{"fixed":true,"id":"UTC"}},"weekyear":2016,"monthOfYear":10,"yearOfEra":2016,"yearOfCentury":16,"centuryOfEra":20,"millisOfDay":40241907,"minuteOfHour":10,"hourOfDay":11,"weekOfWeekyear":42,"millisOfSecond":907,"secondOfMinute":41,"fields":[{"lenient":false,"minimumValue":-292275054,"maximumValue":292278993,"rangeDurationField":null,"leapDurationField":{"unitMillis":86400000,"precise":true,"name":"days","type":{"name":"days"},"supported":true},"durationField":{"unitMillis":31556952000,"precise":false,"name":"years","type":{"name":"years"},"supported":true},"name":"year","type":{"durationType":{"name":"years"},"rangeDurationType":null,"name":"year"},"supported":true},{"lenient":false,"minimumValue":1,"maximumValue":12,"rangeDurationField":{"unitMillis":31556952000,"precise":false,"name":"years","type":{"name":"years"},"supported":true},"leapDurationField":{"unitMillis":86400000,"precise":true,"name":"days","type":{"name":"days"},"supported":true},"durationField":{"unitMillis":2629746000,"precise":false,"name":"months","type":{"name":"months"},"supported":true},"name":"monthOfYear","type":{"durationType":{"name":"months"},"rangeDurationType":{"name":"years"},"name":"monthOfYear"},"supported":true},{"minimumValue":1,"maximumValue":31,"rangeDurationField":{"unitMillis":2629746000,"precise":false,"name":"months","type":{"name":"months"},"supported":true},"lenient":false,"unitMillis":86400000,"durationField":{"unitMillis":86400000,"precise":true,"name":"days","type":{"name":"days"},"supported":true},"name":"dayOfMonth","type":{"durationType":{"name":"days"},"rangeDurationType":{"name":"months"},"name":"dayOfMonth"},"supported":true,"leapDurationField":null},{"maximumValue":86399999,"range":86400000,"rangeDurationField":{"unitMillis":86400000,"precise":true,"name":"days","type":{"name":"days"},"supported":true},"lenient":false,"unitMillis":1,"durationField":{"name":"millis","type":{"name":"millis"},"supported":true,"unitMillis":1,"precise":true},"minimumValue":0,"name":"millisOfDay","type":{"durationType":{"name":"millis"},"rangeDurationType":{"name":"days"},"name":"millisOfDay"},"supported":true,"leapDurationField":null}],"values":[2016,10,19,40241907],"fieldTypes":[{"durationType":{"name":"years"},"rangeDurationType":null,"name":"year"},{"durationType":{"name":"months"},"rangeDurationType":{"name":"years"},"name":"monthOfYear"},{"durationType":{"name":"days"},"rangeDurationType":{"name":"months"},"name":"dayOfMonth"},{"durationType":{"name":"millis"},"rangeDurationType":{"name":"days"},"name":"millisOfDay"}]},"text":"Time=29-09-2016 19:00:00\nGv=220.25,220.02,219.50\nGi=3.32,3.30,3.23\nBv=48.55\nBi=3.40\nGbv=20.34\nGo=0\nRs=1\nBs=1\nGf=0\nLf=0\nRf=0\nBlv=0\nCdc=2","gatewayId":"Modem1"} 
11:10:43.484 [Thread-18] ERROR c.stu.infra.cdc.sms.Main$SmsHandler - Send JSON via UDP error. 
java.net.SocketTimeoutException: Receive timed out
	at java.net.DualStackPlainDatagramSocketImpl.socketReceiveOrPeekData(Native Method) ~[na:1.8.0_101]
	at java.net.DualStackPlainDatagramSocketImpl.receive0(Unknown Source) ~[na:1.8.0_101]
	at java.net.AbstractPlainDatagramSocketImpl.receive(Unknown Source) ~[na:1.8.0_101]
	at java.net.DatagramSocket.receive(Unknown Source) ~[na:1.8.0_101]
	at com.stu.infra.cdc.util.UdpPacketUtil.sendPacket(UdpPacketUtil.java:28) ~[classes/:na]
	at com.stu.infra.cdc.sms.Main$SmsHandler.run(Main.java:275) ~[classes/:na]
11:10:43.484 [Thread-19] ERROR c.stu.infra.cdc.sms.Main$SmsHandler - Send JSON via UDP error. 
java.net.SocketTimeoutException: Receive timed out
	at java.net.DualStackPlainDatagramSocketImpl.socketReceiveOrPeekData(Native Method) ~[na:1.8.0_101]
	at java.net.DualStackPlainDatagramSocketImpl.receive0(Unknown Source) ~[na:1.8.0_101]
	at java.net.AbstractPlainDatagramSocketImpl.receive(Unknown Source) ~[na:1.8.0_101]
	at java.net.DatagramSocket.receive(Unknown Source) ~[na:1.8.0_101]
	at com.stu.infra.cdc.util.UdpPacketUtil.sendPacket(UdpPacketUtil.java:28) ~[classes/:na]
	at com.stu.infra.cdc.sms.Main$SmsHandler.run(Main.java:275) ~[classes/:na]
11:10:52.410 [SMSServer - InboundPollingThread] DEBUG c.s.i.c.s.Main$InboundPollingThread - Running 
11:11:02.495 [SMSServer - InboundPollingThread] DEBUG c.s.i.c.s.Main$InboundPollingThread - Running 
11:11:12.583 [SMSServer - InboundPollingThread] DEBUG c.s.i.c.s.Main$InboundPollingThread - Running 
11:11:22.768 [SMSServer - InboundPollingThread] DEBUG c.s.i.c.s.Main$InboundPollingThread - Running 
11:20:45.909 [main] INFO  com.stu.infra.cdc.sms.Main - Adding gateway - Modem1 
11:20:45.909 [main] INFO  com.stu.infra.cdc.sms.Main - SMSServer starting... 
11:21:04.010 [main] INFO  com.stu.infra.cdc.sms.Main - SMSServer started. 
11:21:04.010 [SMSServer - InboundPollingThread] DEBUG c.s.i.c.s.Main$InboundPollingThread - Running 
11:21:14.105 [SMSServer - InboundPollingThread] DEBUG c.s.i.c.s.Main$InboundPollingThread - Running 
11:21:16.534 [NotifyQueueManager] INFO  c.s.i.c.s.Main$InboundNotification - InboundNotification - SMS RECEIVED ON Modem1:
6287825411059
Time=29-09-2016 19:00:00
Gv=220.25,220.02,219.50
Gi=3.32,3.30,3.23
Bv=48.55
Bi=3.40
Gbv=20.34
Go=0
Rs=1
Bs=1
Gf=0
Lf=0
Rf=0
Blv=0
Cdc=2
-----------------------------------------------
 
11:21:17.144 [Thread-18] INFO  c.stu.infra.cdc.util.UdpPacketUtil - SEND TO SERVER : {"id":7,"originator":"6287825411059","encoding":"7","messageDate":{"year":2016,"era":1,"dayOfMonth":19,"dayOfWeek":3,"dayOfYear":293,"chronology":{"zone":{"fixed":true,"id":"UTC"}},"weekyear":2016,"monthOfYear":10,"yearOfEra":2016,"yearOfCentury":16,"centuryOfEra":20,"millisOfDay":40870484,"minuteOfHour":21,"hourOfDay":11,"weekOfWeekyear":42,"millisOfSecond":484,"secondOfMinute":10,"fields":[{"lenient":false,"maximumValue":292278993,"minimumValue":-292275054,"rangeDurationField":null,"leapDurationField":{"unitMillis":86400000,"precise":true,"name":"days","type":{"name":"days"},"supported":true},"durationField":{"unitMillis":31556952000,"precise":false,"name":"years","type":{"name":"years"},"supported":true},"name":"year","type":{"rangeDurationType":null,"durationType":{"name":"years"},"name":"year"},"supported":true},{"lenient":false,"maximumValue":12,"minimumValue":1,"rangeDurationField":{"unitMillis":31556952000,"precise":false,"name":"years","type":{"name":"years"},"supported":true},"leapDurationField":{"unitMillis":86400000,"precise":true,"name":"days","type":{"name":"days"},"supported":true},"durationField":{"unitMillis":2629746000,"precise":false,"name":"months","type":{"name":"months"},"supported":true},"name":"monthOfYear","type":{"rangeDurationType":{"name":"years"},"durationType":{"name":"months"},"name":"monthOfYear"},"supported":true},{"maximumValue":31,"minimumValue":1,"rangeDurationField":{"unitMillis":2629746000,"precise":false,"name":"months","type":{"name":"months"},"supported":true},"lenient":false,"unitMillis":86400000,"durationField":{"unitMillis":86400000,"precise":true,"name":"days","type":{"name":"days"},"supported":true},"name":"dayOfMonth","type":{"rangeDurationType":{"name":"months"},"durationType":{"name":"days"},"name":"dayOfMonth"},"supported":true,"leapDurationField":null},{"maximumValue":86399999,"range":86400000,"rangeDurationField":{"unitMillis":86400000,"precise":true,"name":"days","type":{"name":"days"},"supported":true},"lenient":false,"minimumValue":0,"unitMillis":1,"durationField":{"name":"millis","type":{"name":"millis"},"supported":true,"unitMillis":1,"precise":true},"name":"millisOfDay","type":{"rangeDurationType":{"name":"days"},"durationType":{"name":"millis"},"name":"millisOfDay"},"supported":true,"leapDurationField":null}],"values":[2016,10,19,40870484],"fieldTypes":[{"rangeDurationType":null,"durationType":{"name":"years"},"name":"year"},{"rangeDurationType":{"name":"years"},"durationType":{"name":"months"},"name":"monthOfYear"},{"rangeDurationType":{"name":"months"},"durationType":{"name":"days"},"name":"dayOfMonth"},{"rangeDurationType":{"name":"days"},"durationType":{"name":"millis"},"name":"millisOfDay"}]},"receiveDate":{"year":2016,"era":1,"dayOfMonth":19,"dayOfWeek":3,"dayOfYear":293,"chronology":{"zone":{"fixed":true,"id":"UTC"}},"weekyear":2016,"monthOfYear":10,"yearOfEra":2016,"yearOfCentury":16,"centuryOfEra":20,"millisOfDay":40876559,"minuteOfHour":21,"hourOfDay":11,"weekOfWeekyear":42,"millisOfSecond":559,"secondOfMinute":16,"fields":[{"lenient":false,"maximumValue":292278993,"minimumValue":-292275054,"rangeDurationField":null,"leapDurationField":{"unitMillis":86400000,"precise":true,"name":"days","type":{"name":"days"},"supported":true},"durationField":{"unitMillis":31556952000,"precise":false,"name":"years","type":{"name":"years"},"supported":true},"name":"year","type":{"rangeDurationType":null,"durationType":{"name":"years"},"name":"year"},"supported":true},{"lenient":false,"maximumValue":12,"minimumValue":1,"rangeDurationField":{"unitMillis":31556952000,"precise":false,"name":"years","type":{"name":"years"},"supported":true},"leapDurationField":{"unitMillis":86400000,"precise":true,"name":"days","type":{"name":"days"},"supported":true},"durationField":{"unitMillis":2629746000,"precise":false,"name":"months","type":{"name":"months"},"supported":true},"name":"monthOfYear","type":{"rangeDurationType":{"name":"years"},"durationType":{"name":"months"},"name":"monthOfYear"},"supported":true},{"maximumValue":31,"minimumValue":1,"rangeDurationField":{"unitMillis":2629746000,"precise":false,"name":"months","type":{"name":"months"},"supported":true},"lenient":false,"unitMillis":86400000,"durationField":{"unitMillis":86400000,"precise":true,"name":"days","type":{"name":"days"},"supported":true},"name":"dayOfMonth","type":{"rangeDurationType":{"name":"months"},"durationType":{"name":"days"},"name":"dayOfMonth"},"supported":true,"leapDurationField":null},{"maximumValue":86399999,"range":86400000,"rangeDurationField":{"unitMillis":86400000,"precise":true,"name":"days","type":{"name":"days"},"supported":true},"lenient":false,"minimumValue":0,"unitMillis":1,"durationField":{"name":"millis","type":{"name":"millis"},"supported":true,"unitMillis":1,"precise":true},"name":"millisOfDay","type":{"rangeDurationType":{"name":"days"},"durationType":{"name":"millis"},"name":"millisOfDay"},"supported":true,"leapDurationField":null}],"values":[2016,10,19,40876559],"fieldTypes":[{"rangeDurationType":null,"durationType":{"name":"years"},"name":"year"},{"rangeDurationType":{"name":"years"},"durationType":{"name":"months"},"name":"monthOfYear"},{"rangeDurationType":{"name":"months"},"durationType":{"name":"days"},"name":"dayOfMonth"},{"rangeDurationType":{"name":"days"},"durationType":{"name":"millis"},"name":"millisOfDay"}]},"text":"Time=29-09-2016 19:00:00\nGv=220.25,220.02,219.50\nGi=3.32,3.30,3.23\nBv=48.55\nBi=3.40\nGbv=20.34\nGo=0\nRs=1\nBs=1\nGf=0\nLf=0\nRf=0\nBlv=0\nCdc=2","gatewayId":"Modem1"} 
11:21:17.175 [Thread-18] ERROR c.stu.infra.cdc.sms.Main$SmsHandler - Send JSON via UDP error. 
java.net.SocketTimeoutException: Receive timed out
	at java.net.DualStackPlainDatagramSocketImpl.socketReceiveOrPeekData(Native Method) ~[na:1.8.0_101]
	at java.net.DualStackPlainDatagramSocketImpl.receive0(Unknown Source) ~[na:1.8.0_101]
	at java.net.AbstractPlainDatagramSocketImpl.receive(Unknown Source) ~[na:1.8.0_101]
	at java.net.DatagramSocket.receive(Unknown Source) ~[na:1.8.0_101]
	at com.stu.infra.cdc.util.UdpPacketUtil.sendPacket(UdpPacketUtil.java:28) ~[classes/:na]
	at com.stu.infra.cdc.sms.Main$SmsHandler.run(Main.java:275) ~[classes/:na]
11:21:24.250 [SMSServer - InboundPollingThread] DEBUG c.s.i.c.s.Main$InboundPollingThread - Running 
11:21:34.438 [SMSServer - InboundPollingThread] DEBUG c.s.i.c.s.Main$InboundPollingThread - Running 
11:21:44.634 [SMSServer - InboundPollingThread] DEBUG c.s.i.c.s.Main$InboundPollingThread - Running 
11:21:54.798 [SMSServer - InboundPollingThread] DEBUG c.s.i.c.s.Main$InboundPollingThread - Running 
11:22:04.942 [SMSServer - InboundPollingThread] DEBUG c.s.i.c.s.Main$InboundPollingThread - Running 
11:22:15.058 [SMSServer - InboundPollingThread] DEBUG c.s.i.c.s.Main$InboundPollingThread - Running 
11:22:25.154 [SMSServer - InboundPollingThread] DEBUG c.s.i.c.s.Main$InboundPollingThread - Running 
11:22:35.314 [SMSServer - InboundPollingThread] DEBUG c.s.i.c.s.Main$InboundPollingThread - Running 
11:22:45.475 [SMSServer - InboundPollingThread] DEBUG c.s.i.c.s.Main$InboundPollingThread - Running 
11:22:55.635 [SMSServer - InboundPollingThread] DEBUG c.s.i.c.s.Main$InboundPollingThread - Running 
11:23:05.801 [SMSServer - InboundPollingThread] DEBUG c.s.i.c.s.Main$InboundPollingThread - Running 
11:23:15.901 [SMSServer - InboundPollingThread] DEBUG c.s.i.c.s.Main$InboundPollingThread - Running 
11:23:26.005 [SMSServer - InboundPollingThread] DEBUG c.s.i.c.s.Main$InboundPollingThread - Running 
11:23:36.167 [SMSServer - InboundPollingThread] DEBUG c.s.i.c.s.Main$InboundPollingThread - Running 
11:27:55.886 [main] INFO  com.stu.infra.cdc.sms.Main - Adding gateway - Modem1 
11:27:55.886 [main] INFO  com.stu.infra.cdc.sms.Main - SMSServer starting... 
11:28:13.975 [main] INFO  com.stu.infra.cdc.sms.Main - SMSServer started. 
11:28:13.975 [SMSServer - InboundPollingThread] DEBUG c.s.i.c.s.Main$InboundPollingThread - Running 
11:28:24.135 [SMSServer - InboundPollingThread] DEBUG c.s.i.c.s.Main$InboundPollingThread - Running 
11:28:24.402 [SMSServer - InboundPollingThread] INFO  com.stu.infra.cdc.sms.Main - readMessages - SMS RECEIVED ON Modem1:
6287825411059
Time=29-09-2016 19:00:00
Gv=220.25,220.02,219.50
Gi=3.32,3.30,3.23
Bv=48.55
Bi=3.40
Gbv=20.34
Go=0
Rs=1
Bs=1
Gf=0
Lf=0
Rf=0
Blv=0
Cdc=2
-----------------------------------------------
 
11:28:24.964 [Thread-18] INFO  c.stu.infra.cdc.util.UdpPacketUtil - SEND TO SERVER : {"id":8,"originator":"6287825411059","encoding":"7","messageDate":{"chronology":{"zone":{"fixed":true,"id":"UTC"}},"year":2016,"era":1,"dayOfMonth":19,"dayOfWeek":3,"dayOfYear":293,"weekyear":2016,"monthOfYear":10,"yearOfEra":2016,"yearOfCentury":16,"centuryOfEra":20,"millisOfDay":41298380,"minuteOfHour":28,"hourOfDay":11,"weekOfWeekyear":42,"millisOfSecond":380,"secondOfMinute":18,"fields":[{"lenient":false,"minimumValue":-292275054,"maximumValue":292278993,"rangeDurationField":null,"leapDurationField":{"unitMillis":86400000,"precise":true,"name":"days","type":{"name":"days"},"supported":true},"durationField":{"unitMillis":31556952000,"precise":false,"name":"years","type":{"name":"years"},"supported":true},"name":"year","type":{"durationType":{"name":"years"},"rangeDurationType":null,"name":"year"},"supported":true},{"lenient":false,"minimumValue":1,"maximumValue":12,"rangeDurationField":{"unitMillis":31556952000,"precise":false,"name":"years","type":{"name":"years"},"supported":true},"leapDurationField":{"unitMillis":86400000,"precise":true,"name":"days","type":{"name":"days"},"supported":true},"durationField":{"unitMillis":2629746000,"precise":false,"name":"months","type":{"name":"months"},"supported":true},"name":"monthOfYear","type":{"durationType":{"name":"months"},"rangeDurationType":{"name":"years"},"name":"monthOfYear"},"supported":true},{"minimumValue":1,"maximumValue":31,"rangeDurationField":{"unitMillis":2629746000,"precise":false,"name":"months","type":{"name":"months"},"supported":true},"lenient":false,"unitMillis":86400000,"durationField":{"unitMillis":86400000,"precise":true,"name":"days","type":{"name":"days"},"supported":true},"name":"dayOfMonth","type":{"durationType":{"name":"days"},"rangeDurationType":{"name":"months"},"name":"dayOfMonth"},"supported":true,"leapDurationField":null},{"maximumValue":86399999,"range":86400000,"rangeDurationField":{"unitMillis":86400000,"precise":true,"name":"days","type":{"name":"days"},"supported":true},"lenient":false,"unitMillis":1,"durationField":{"name":"millis","type":{"name":"millis"},"supported":true,"unitMillis":1,"precise":true},"minimumValue":0,"name":"millisOfDay","type":{"durationType":{"name":"millis"},"rangeDurationType":{"name":"days"},"name":"millisOfDay"},"supported":true,"leapDurationField":null}],"values":[2016,10,19,41298380],"fieldTypes":[{"durationType":{"name":"years"},"rangeDurationType":null,"name":"year"},{"durationType":{"name":"months"},"rangeDurationType":{"name":"years"},"name":"monthOfYear"},{"durationType":{"name":"days"},"rangeDurationType":{"name":"months"},"name":"dayOfMonth"},{"durationType":{"name":"millis"},"rangeDurationType":{"name":"days"},"name":"millisOfDay"}]},"receiveDate":{"chronology":{"zone":{"fixed":true,"id":"UTC"}},"year":2016,"era":1,"dayOfMonth":19,"dayOfWeek":3,"dayOfYear":293,"weekyear":2016,"monthOfYear":10,"yearOfEra":2016,"yearOfCentury":16,"centuryOfEra":20,"millisOfDay":41304434,"minuteOfHour":28,"hourOfDay":11,"weekOfWeekyear":42,"millisOfSecond":434,"secondOfMinute":24,"fields":[{"lenient":false,"minimumValue":-292275054,"maximumValue":292278993,"rangeDurationField":null,"leapDurationField":{"unitMillis":86400000,"precise":true,"name":"days","type":{"name":"days"},"supported":true},"durationField":{"unitMillis":31556952000,"precise":false,"name":"years","type":{"name":"years"},"supported":true},"name":"year","type":{"durationType":{"name":"years"},"rangeDurationType":null,"name":"year"},"supported":true},{"lenient":false,"minimumValue":1,"maximumValue":12,"rangeDurationField":{"unitMillis":31556952000,"precise":false,"name":"years","type":{"name":"years"},"supported":true},"leapDurationField":{"unitMillis":86400000,"precise":true,"name":"days","type":{"name":"days"},"supported":true},"durationField":{"unitMillis":2629746000,"precise":false,"name":"months","type":{"name":"months"},"supported":true},"name":"monthOfYear","type":{"durationType":{"name":"months"},"rangeDurationType":{"name":"years"},"name":"monthOfYear"},"supported":true},{"minimumValue":1,"maximumValue":31,"rangeDurationField":{"unitMillis":2629746000,"precise":false,"name":"months","type":{"name":"months"},"supported":true},"lenient":false,"unitMillis":86400000,"durationField":{"unitMillis":86400000,"precise":true,"name":"days","type":{"name":"days"},"supported":true},"name":"dayOfMonth","type":{"durationType":{"name":"days"},"rangeDurationType":{"name":"months"},"name":"dayOfMonth"},"supported":true,"leapDurationField":null},{"maximumValue":86399999,"range":86400000,"rangeDurationField":{"unitMillis":86400000,"precise":true,"name":"days","type":{"name":"days"},"supported":true},"lenient":false,"unitMillis":1,"durationField":{"name":"millis","type":{"name":"millis"},"supported":true,"unitMillis":1,"precise":true},"minimumValue":0,"name":"millisOfDay","type":{"durationType":{"name":"millis"},"rangeDurationType":{"name":"days"},"name":"millisOfDay"},"supported":true,"leapDurationField":null}],"values":[2016,10,19,41304434],"fieldTypes":[{"durationType":{"name":"years"},"rangeDurationType":null,"name":"year"},{"durationType":{"name":"months"},"rangeDurationType":{"name":"years"},"name":"monthOfYear"},{"durationType":{"name":"days"},"rangeDurationType":{"name":"months"},"name":"dayOfMonth"},{"durationType":{"name":"millis"},"rangeDurationType":{"name":"days"},"name":"millisOfDay"}]},"text":"Time=29-09-2016 19:00:00\nGv=220.25,220.02,219.50\nGi=3.32,3.30,3.23\nBv=48.55\nBi=3.40\nGbv=20.34\nGo=0\nRs=1\nBs=1\nGf=0\nLf=0\nRf=0\nBlv=0\nCdc=2","gatewayId":"Modem1"} 
11:28:25.114 [Thread-18] INFO  c.stu.infra.cdc.util.UdpPacketUtil - RECV FROM SERVER : {"ID":8,"ORIGINATOR":"6287825411059","ENCODING":"7","MESSAGEDATE":{"CHRONOLOGY":{"ZONE":{"FIXED":TRUE,"ID":"UTC"}},"YEAR":2016,"ERA":1,"DAYOFMONTH":19,"DAYOFWEEK":3,"DAYOFYEAR":293,"WEEKYEAR":2016,"MONTHOFYEAR":10,"YEAROFERA":2016,"YEAROFCENTURY":16,"CENTURYOFERA":20,"MILLISOFDAY":41298380,"MINUTEOFHOUR":28,"HOUROFDAY":11,"WEEKOFWEEKYEAR":42,"MILLISOFSECOND":380,"SECONDOFMINUTE":18,"FIELDS":[{"LENIENT":FALSE,"MINIMUMVALUE":-292275054,"MAXIMUMVALUE":292278993,"RANGEDURATIONFIELD":NULL,"LEAPDURATIONFIELD":{"UNITMILLIS":86400000,"PRECISE":TRUE,"NAME":"DAYS","TYPE":{"NAME":"DAYS"},"SUPPORTED":TRUE},"DURATIONFIELD":{"UNITMILLIS":31556952000,"PRECISE":FALSE,"NAME":"YEARS","TYPE":{"NAME":"YEARS"},"SUPPORTED":TRUE},"NAME":"YEAR","TYPE":{"DURATIONTYPE":{"NAME":"YEARS"},"RANGEDURATIONTYPE":NULL,"NAME":"YEAR"},"SUPPORTED":TRUE},{"LENIENT":FALSE,"MINIMUMVALUE":1,"MAXIMUMVALUE":12,"RANGEDURATIONFIELD":{"UNITMILLIS":31556952000,"PRECISE":FALSE,"NAME":"YEARS","TYPE":{"NAME":"YEARS"},"SUPPORTED":TRUE},"LEAPDURATIONFIELD":{"U 
11:28:35.082 [SMSServer - InboundPollingThread] DEBUG c.s.i.c.s.Main$InboundPollingThread - Running 
11:28:45.292 [SMSServer - InboundPollingThread] DEBUG c.s.i.c.s.Main$InboundPollingThread - Running 
11:28:55.450 [SMSServer - InboundPollingThread] DEBUG c.s.i.c.s.Main$InboundPollingThread - Running 
12:41:11.776 [main] INFO  com.stu.infra.cdc.sms.Main - Adding gateway - Modem1 
12:41:11.788 [main] INFO  com.stu.infra.cdc.sms.Main - SMSServer starting... 
12:41:58.798 [main] INFO  com.stu.infra.cdc.sms.Main - SMSServer started. 
12:41:58.799 [SMSServer - InboundPollingThread] DEBUG c.s.i.c.s.Main$InboundPollingThread - Running 
12:42:08.918 [SMSServer - InboundPollingThread] DEBUG c.s.i.c.s.Main$InboundPollingThread - Running 
12:42:09.278 [SMSServer - InboundPollingThread] INFO  com.stu.infra.cdc.sms.Main - readMessages - SMS RECEIVED ON Modem1:
6287825411059
Time=29-09-2016 19:00:00
Gv=220.25,220.02,219.50
Gi=3.32,3.30,3.23
Bv=48.55
Bi=3.40
Gbv=20.34
Go=0
Rs=1
Bs=1
Gf=0
Lf=0
Rf=0
Blv=0
Cdc=2
-----------------------------------------------
 
12:42:09.887 [Thread-18] INFO  c.stu.infra.cdc.util.UdpPacketUtil - SEND TO SERVER : {"id":9,"originator":"6287825411059","encoding":"7","messageDate":{"year":2016,"era":1,"dayOfMonth":19,"dayOfWeek":3,"dayOfYear":293,"chronology":{"zone":{"fixed":true,"id":"UTC"}},"weekOfWeekyear":42,"millisOfSecond":259,"secondOfMinute":0,"weekyear":2016,"monthOfYear":10,"yearOfEra":2016,"yearOfCentury":16,"centuryOfEra":20,"millisOfDay":45720259,"minuteOfHour":42,"hourOfDay":12,"fields":[{"lenient":false,"minimumValue":-292275054,"rangeDurationField":null,"leapDurationField":{"unitMillis":86400000,"precise":true,"name":"days","type":{"name":"days"},"supported":true},"maximumValue":292278993,"durationField":{"unitMillis":31556952000,"precise":false,"name":"years","type":{"name":"years"},"supported":true},"name":"year","type":{"rangeDurationType":null,"durationType":{"name":"years"},"name":"year"},"supported":true},{"lenient":false,"minimumValue":1,"rangeDurationField":{"unitMillis":31556952000,"precise":false,"name":"years","type":{"name":"years"},"supported":true},"leapDurationField":{"unitMillis":86400000,"precise":true,"name":"days","type":{"name":"days"},"supported":true},"maximumValue":12,"durationField":{"unitMillis":2629746000,"precise":false,"name":"months","type":{"name":"months"},"supported":true},"name":"monthOfYear","type":{"rangeDurationType":{"name":"years"},"durationType":{"name":"months"},"name":"monthOfYear"},"supported":true},{"minimumValue":1,"rangeDurationField":{"unitMillis":2629746000,"precise":false,"name":"months","type":{"name":"months"},"supported":true},"maximumValue":31,"unitMillis":86400000,"lenient":false,"durationField":{"unitMillis":86400000,"precise":true,"name":"days","type":{"name":"days"},"supported":true},"name":"dayOfMonth","type":{"rangeDurationType":{"name":"months"},"durationType":{"name":"days"},"name":"dayOfMonth"},"supported":true,"leapDurationField":null},{"range":86400000,"rangeDurationField":{"unitMillis":86400000,"precise":true,"name":"days","type":{"name":"days"},"supported":true},"maximumValue":86399999,"unitMillis":1,"lenient":false,"durationField":{"name":"millis","type":{"name":"millis"},"supported":true,"unitMillis":1,"precise":true},"minimumValue":0,"name":"millisOfDay","type":{"rangeDurationType":{"name":"days"},"durationType":{"name":"millis"},"name":"millisOfDay"},"supported":true,"leapDurationField":null}],"values":[2016,10,19,45720259],"fieldTypes":[{"rangeDurationType":null,"durationType":{"name":"years"},"name":"year"},{"rangeDurationType":{"name":"years"},"durationType":{"name":"months"},"name":"monthOfYear"},{"rangeDurationType":{"name":"months"},"durationType":{"name":"days"},"name":"dayOfMonth"},{"rangeDurationType":{"name":"days"},"durationType":{"name":"millis"},"name":"millisOfDay"}]},"receiveDate":{"year":2016,"era":1,"dayOfMonth":19,"dayOfWeek":3,"dayOfYear":293,"chronology":{"zone":{"fixed":true,"id":"UTC"}},"weekOfWeekyear":42,"millisOfSecond":309,"secondOfMinute":9,"weekyear":2016,"monthOfYear":10,"yearOfEra":2016,"yearOfCentury":16,"centuryOfEra":20,"millisOfDay":45729309,"minuteOfHour":42,"hourOfDay":12,"fields":[{"lenient":false,"minimumValue":-292275054,"rangeDurationField":null,"leapDurationField":{"unitMillis":86400000,"precise":true,"name":"days","type":{"name":"days"},"supported":true},"maximumValue":292278993,"durationField":{"unitMillis":31556952000,"precise":false,"name":"years","type":{"name":"years"},"supported":true},"name":"year","type":{"rangeDurationType":null,"durationType":{"name":"years"},"name":"year"},"supported":true},{"lenient":false,"minimumValue":1,"rangeDurationField":{"unitMillis":31556952000,"precise":false,"name":"years","type":{"name":"years"},"supported":true},"leapDurationField":{"unitMillis":86400000,"precise":true,"name":"days","type":{"name":"days"},"supported":true},"maximumValue":12,"durationField":{"unitMillis":2629746000,"precise":false,"name":"months","type":{"name":"months"},"supported":true},"name":"monthOfYear","type":{"rangeDurationType":{"name":"years"},"durationType":{"name":"months"},"name":"monthOfYear"},"supported":true},{"minimumValue":1,"rangeDurationField":{"unitMillis":2629746000,"precise":false,"name":"months","type":{"name":"months"},"supported":true},"maximumValue":31,"unitMillis":86400000,"lenient":false,"durationField":{"unitMillis":86400000,"precise":true,"name":"days","type":{"name":"days"},"supported":true},"name":"dayOfMonth","type":{"rangeDurationType":{"name":"months"},"durationType":{"name":"days"},"name":"dayOfMonth"},"supported":true,"leapDurationField":null},{"range":86400000,"rangeDurationField":{"unitMillis":86400000,"precise":true,"name":"days","type":{"name":"days"},"supported":true},"maximumValue":86399999,"unitMillis":1,"lenient":false,"durationField":{"name":"millis","type":{"name":"millis"},"supported":true,"unitMillis":1,"precise":true},"minimumValue":0,"name":"millisOfDay","type":{"rangeDurationType":{"name":"days"},"durationType":{"name":"millis"},"name":"millisOfDay"},"supported":true,"leapDurationField":null}],"values":[2016,10,19,45729309],"fieldTypes":[{"rangeDurationType":null,"durationType":{"name":"years"},"name":"year"},{"rangeDurationType":{"name":"years"},"durationType":{"name":"months"},"name":"monthOfYear"},{"rangeDurationType":{"name":"months"},"durationType":{"name":"days"},"name":"dayOfMonth"},{"rangeDurationType":{"name":"days"},"durationType":{"name":"millis"},"name":"millisOfDay"}]},"text":"Time=29-09-2016 19:00:00\nGv=220.25,220.02,219.50\nGi=3.32,3.30,3.23\nBv=48.55\nBi=3.40\nGbv=20.34\nGo=0\nRs=1\nBs=1\nGf=0\nLf=0\nRf=0\nBlv=0\nCdc=2","gatewayId":"Modem1"} 
12:42:10.035 [Thread-18] INFO  c.stu.infra.cdc.util.UdpPacketUtil - RECV FROM SERVER : {"ID":9,"ORIGINATOR":"6287825411059","ENCODING":"7","MESSAGEDATE":{"YEAR":2016,"ERA":1,"DAYOFMONTH":19,"DAYOFWEEK":3,"DAYOFYEAR":293,"CHRONOLOGY":{"ZONE":{"FIXED":TRUE,"ID":"UTC"}},"WEEKOFWEEKYEAR":42,"MILLISOFSECOND":259,"SECONDOFMINUTE":0,"WEEKYEAR":2016,"MONTHOFYEAR":10,"YEAROFERA":2016,"YEAROFCENTURY":16,"CENTURYOFERA":20,"MILLISOFDAY":45720259,"MINUTEOFHOUR":42,"HOUROFDAY":12,"FIELDS":[{"LENIENT":FALSE,"MINIMUMVALUE":-292275054,"RANGEDURATIONFIELD":NULL,"LEAPDURATIONFIELD":{"UNITMILLIS":86400000,"PRECISE":TRUE,"NAME":"DAYS","TYPE":{"NAME":"DAYS"},"SUPPORTED":TRUE},"MAXIMUMVALUE":292278993,"DURATIONFIELD":{"UNITMILLIS":31556952000,"PRECISE":FALSE,"NAME":"YEARS","TYPE":{"NAME":"YEARS"},"SUPPORTED":TRUE},"NAME":"YEAR","TYPE":{"RANGEDURATIONTYPE":NULL,"DURATIONTYPE":{"NAME":"YEARS"},"NAME":"YEAR"},"SUPPORTED":TRUE},{"LENIENT":FALSE,"MINIMUMVALUE":1,"RANGEDURATIONFIELD":{"UNITMILLIS":31556952000,"PRECISE":FALSE,"NAME":"YEARS","TYPE":{"NAME":"YEARS"},"SUPPORTED":TRUE},"LEAPDURATIONFIELD":{"UNITMILLIS":86400000 
12:42:20.024 [SMSServer - InboundPollingThread] DEBUG c.s.i.c.s.Main$InboundPollingThread - Running 
12:42:30.068 [SMSServer - InboundPollingThread] DEBUG c.s.i.c.s.Main$InboundPollingThread - Running 
12:42:40.212 [SMSServer - InboundPollingThread] DEBUG c.s.i.c.s.Main$InboundPollingThread - Running 
12:42:50.380 [SMSServer - InboundPollingThread] DEBUG c.s.i.c.s.Main$InboundPollingThread - Running 
12:43:00.568 [SMSServer - InboundPollingThread] DEBUG c.s.i.c.s.Main$InboundPollingThread - Running 
12:43:10.765 [SMSServer - InboundPollingThread] DEBUG c.s.i.c.s.Main$InboundPollingThread - Running 
12:43:20.959 [SMSServer - InboundPollingThread] DEBUG c.s.i.c.s.Main$InboundPollingThread - Running 
12:43:31.127 [SMSServer - InboundPollingThread] DEBUG c.s.i.c.s.Main$InboundPollingThread - Running 
12:50:06.787 [main] INFO  com.stu.infra.cdc.sms.Main - Adding gateway - Modem1 
12:50:06.787 [main] INFO  com.stu.infra.cdc.sms.Main - SMSServer starting... 
12:50:25.027 [main] INFO  com.stu.infra.cdc.sms.Main - SMSServer started. 
12:50:25.027 [SMSServer - InboundPollingThread] DEBUG c.s.i.c.s.Main$InboundPollingThread - Running 
12:50:35.201 [SMSServer - InboundPollingThread] DEBUG c.s.i.c.s.Main$InboundPollingThread - Running 
12:50:45.407 [SMSServer - InboundPollingThread] DEBUG c.s.i.c.s.Main$InboundPollingThread - Running 
12:50:45.753 [SMSServer - InboundPollingThread] INFO  com.stu.infra.cdc.sms.Main - readMessages - SMS RECEIVED ON Modem1:
6287825411059
Time=29-09-2016 19:00:00
Gv=220.25,220.02,219.50
Gi=3.32,3.30,3.23
Bv=48.55
Bi=3.40
Gbv=20.34
Go=0
Rs=1
Bs=1
Gf=0
Lf=0
Rf=0
Blv=0
Cdc=2
-----------------------------------------------
 
12:50:46.377 [Thread-18] INFO  c.stu.infra.cdc.util.UdpPacketUtil - SEND TO SERVER : {"id":10,"originator":"6287825411059","encoding":"7","messageDate":{"year":2016,"era":1,"dayOfMonth":19,"dayOfWeek":3,"dayOfYear":293,"chronology":{"zone":{"fixed":true,"id":"UTC"}},"weekyear":2016,"monthOfYear":10,"yearOfEra":2016,"yearOfCentury":16,"centuryOfEra":20,"millisOfDay":46237706,"minuteOfHour":50,"hourOfDay":12,"weekOfWeekyear":42,"millisOfSecond":706,"secondOfMinute":37,"fields":[{"lenient":false,"minimumValue":-292275054,"maximumValue":292278993,"rangeDurationField":null,"leapDurationField":{"unitMillis":86400000,"precise":true,"name":"days","type":{"name":"days"},"supported":true},"durationField":{"unitMillis":31556952000,"precise":false,"name":"years","type":{"name":"years"},"supported":true},"name":"year","type":{"durationType":{"name":"years"},"rangeDurationType":null,"name":"year"},"supported":true},{"lenient":false,"minimumValue":1,"maximumValue":12,"rangeDurationField":{"unitMillis":31556952000,"precise":false,"name":"years","type":{"name":"years"},"supported":true},"leapDurationField":{"unitMillis":86400000,"precise":true,"name":"days","type":{"name":"days"},"supported":true},"durationField":{"unitMillis":2629746000,"precise":false,"name":"months","type":{"name":"months"},"supported":true},"name":"monthOfYear","type":{"durationType":{"name":"months"},"rangeDurationType":{"name":"years"},"name":"monthOfYear"},"supported":true},{"minimumValue":1,"maximumValue":31,"rangeDurationField":{"unitMillis":2629746000,"precise":false,"name":"months","type":{"name":"months"},"supported":true},"lenient":false,"unitMillis":86400000,"durationField":{"unitMillis":86400000,"precise":true,"name":"days","type":{"name":"days"},"supported":true},"name":"dayOfMonth","type":{"durationType":{"name":"days"},"rangeDurationType":{"name":"months"},"name":"dayOfMonth"},"supported":true,"leapDurationField":null},{"maximumValue":86399999,"range":86400000,"rangeDurationField":{"unitMillis":86400000,"precise":true,"name":"days","type":{"name":"days"},"supported":true},"lenient":false,"unitMillis":1,"durationField":{"name":"millis","type":{"name":"millis"},"supported":true,"unitMillis":1,"precise":true},"minimumValue":0,"name":"millisOfDay","type":{"durationType":{"name":"millis"},"rangeDurationType":{"name":"days"},"name":"millisOfDay"},"supported":true,"leapDurationField":null}],"values":[2016,10,19,46237706],"fieldTypes":[{"durationType":{"name":"years"},"rangeDurationType":null,"name":"year"},{"durationType":{"name":"months"},"rangeDurationType":{"name":"years"},"name":"monthOfYear"},{"durationType":{"name":"days"},"rangeDurationType":{"name":"months"},"name":"dayOfMonth"},{"durationType":{"name":"millis"},"rangeDurationType":{"name":"days"},"name":"millisOfDay"}]},"receiveDate":{"year":2016,"era":1,"dayOfMonth":19,"dayOfWeek":3,"dayOfYear":293,"chronology":{"zone":{"fixed":true,"id":"UTC"}},"weekyear":2016,"monthOfYear":10,"yearOfEra":2016,"yearOfCentury":16,"centuryOfEra":20,"millisOfDay":46245769,"minuteOfHour":50,"hourOfDay":12,"weekOfWeekyear":42,"millisOfSecond":769,"secondOfMinute":45,"fields":[{"lenient":false,"minimumValue":-292275054,"maximumValue":292278993,"rangeDurationField":null,"leapDurationField":{"unitMillis":86400000,"precise":true,"name":"days","type":{"name":"days"},"supported":true},"durationField":{"unitMillis":31556952000,"precise":false,"name":"years","type":{"name":"years"},"supported":true},"name":"year","type":{"durationType":{"name":"years"},"rangeDurationType":null,"name":"year"},"supported":true},{"lenient":false,"minimumValue":1,"maximumValue":12,"rangeDurationField":{"unitMillis":31556952000,"precise":false,"name":"years","type":{"name":"years"},"supported":true},"leapDurationField":{"unitMillis":86400000,"precise":true,"name":"days","type":{"name":"days"},"supported":true},"durationField":{"unitMillis":2629746000,"precise":false,"name":"months","type":{"name":"months"},"supported":true},"name":"monthOfYear","type":{"durationType":{"name":"months"},"rangeDurationType":{"name":"years"},"name":"monthOfYear"},"supported":true},{"minimumValue":1,"maximumValue":31,"rangeDurationField":{"unitMillis":2629746000,"precise":false,"name":"months","type":{"name":"months"},"supported":true},"lenient":false,"unitMillis":86400000,"durationField":{"unitMillis":86400000,"precise":true,"name":"days","type":{"name":"days"},"supported":true},"name":"dayOfMonth","type":{"durationType":{"name":"days"},"rangeDurationType":{"name":"months"},"name":"dayOfMonth"},"supported":true,"leapDurationField":null},{"maximumValue":86399999,"range":86400000,"rangeDurationField":{"unitMillis":86400000,"precise":true,"name":"days","type":{"name":"days"},"supported":true},"lenient":false,"unitMillis":1,"durationField":{"name":"millis","type":{"name":"millis"},"supported":true,"unitMillis":1,"precise":true},"minimumValue":0,"name":"millisOfDay","type":{"durationType":{"name":"millis"},"rangeDurationType":{"name":"days"},"name":"millisOfDay"},"supported":true,"leapDurationField":null}],"values":[2016,10,19,46245769],"fieldTypes":[{"durationType":{"name":"years"},"rangeDurationType":null,"name":"year"},{"durationType":{"name":"months"},"rangeDurationType":{"name":"years"},"name":"monthOfYear"},{"durationType":{"name":"days"},"rangeDurationType":{"name":"months"},"name":"dayOfMonth"},{"durationType":{"name":"millis"},"rangeDurationType":{"name":"days"},"name":"millisOfDay"}]},"text":"Time=29-09-2016 19:00:00\nGv=220.25,220.02,219.50\nGi=3.32,3.30,3.23\nBv=48.55\nBi=3.40\nGbv=20.34\nGo=0\nRs=1\nBs=1\nGf=0\nLf=0\nRf=0\nBlv=0\nCdc=2","gatewayId":"Modem1"} 
12:50:46.393 [Thread-18] INFO  c.stu.infra.cdc.util.UdpPacketUtil - RECV FROM SERVER : {"ID":10,"ORIGINATOR":"6287825411059","ENCODING":"7","MESSAGEDATE":{"YEAR":2016,"ERA":1,"DAYOFMONTH":19,"DAYOFWEEK":3,"DAYOFYEAR":293,"CHRONOLOGY":{"ZONE":{"FIXED":TRUE,"ID":"UTC"}},"WEEKYEAR":2016,"MONTHOFYEAR":10,"YEAROFERA":2016,"YEAROFCENTURY":16,"CENTURYOFERA":20,"MILLISOFDAY":46237706,"MINUTEOFHOUR":50,"HOUROFDAY":12,"WEEKOFWEEKYEAR":42,"MILLISOFSECOND":706,"SECONDOFMINUTE":37,"FIELDS":[{"LENIENT":FALSE,"MINIMUMVALUE":-292275054,"MAXIMUMVALUE":292278993,"RANGEDURATIONFIELD":NULL,"LEAPDURATIONFIELD":{"UNITMILLIS":86400000,"PRECISE":TRUE,"NAME":"DAYS","TYPE":{"NAME":"DAYS"},"SUPPORTED":TRUE},"DURATIONFIELD":{"UNITMILLIS":31556952000,"PRECISE":FALSE,"NAME":"YEARS","TYPE":{"NAME":"YEARS"},"SUPPORTED":TRUE},"NAME":"YEAR","TYPE":{"DURATIONTYPE":{"NAME":"YEARS"},"RANGEDURATIONTYPE":NULL,"NAME":"YEAR"},"SUPPORTED":TRUE},{"LENIENT":FALSE,"MINIMUMVALUE":1,"MAXIMUMVALUE":12,"RANGEDURATIONFIELD":{"UNITMILLIS":31556952000,"PRECISE":FALSE,"NAME":"YEARS","TYPE":{"NAME":"YEARS"},"SUPPORTED":TRUE},"LEAPDURATIONFIELD":{" 
12:50:56.504 [SMSServer - InboundPollingThread] DEBUG c.s.i.c.s.Main$InboundPollingThread - Running 
12:51:06.601 [SMSServer - InboundPollingThread] DEBUG c.s.i.c.s.Main$InboundPollingThread - Running 
12:51:16.794 [SMSServer - InboundPollingThread] DEBUG c.s.i.c.s.Main$InboundPollingThread - Running 
12:51:26.984 [SMSServer - InboundPollingThread] DEBUG c.s.i.c.s.Main$InboundPollingThread - Running 
12:51:37.204 [SMSServer - InboundPollingThread] DEBUG c.s.i.c.s.Main$InboundPollingThread - Running 
12:51:47.323 [SMSServer - InboundPollingThread] DEBUG c.s.i.c.s.Main$InboundPollingThread - Running 
12:51:57.513 [SMSServer - InboundPollingThread] DEBUG c.s.i.c.s.Main$InboundPollingThread - Running 
12:52:07.717 [SMSServer - InboundPollingThread] DEBUG c.s.i.c.s.Main$InboundPollingThread - Running 
12:52:17.832 [SMSServer - InboundPollingThread] DEBUG c.s.i.c.s.Main$InboundPollingThread - Running 
12:52:27.951 [SMSServer - InboundPollingThread] DEBUG c.s.i.c.s.Main$InboundPollingThread - Running 
12:52:38.063 [SMSServer - InboundPollingThread] DEBUG c.s.i.c.s.Main$InboundPollingThread - Running 
12:52:48.267 [SMSServer - InboundPollingThread] DEBUG c.s.i.c.s.Main$InboundPollingThread - Running 
12:52:58.379 [SMSServer - InboundPollingThread] DEBUG c.s.i.c.s.Main$InboundPollingThread - Running 
12:53:08.573 [SMSServer - InboundPollingThread] DEBUG c.s.i.c.s.Main$InboundPollingThread - Running 
12:53:18.735 [SMSServer - InboundPollingThread] DEBUG c.s.i.c.s.Main$InboundPollingThread - Running 
12:53:28.855 [SMSServer - InboundPollingThread] DEBUG c.s.i.c.s.Main$InboundPollingThread - Running 
12:53:38.956 [SMSServer - InboundPollingThread] DEBUG c.s.i.c.s.Main$InboundPollingThread - Running 
12:53:49.115 [SMSServer - InboundPollingThread] DEBUG c.s.i.c.s.Main$InboundPollingThread - Running 
12:53:59.298 [SMSServer - InboundPollingThread] DEBUG c.s.i.c.s.Main$InboundPollingThread - Running 
12:54:09.517 [SMSServer - InboundPollingThread] DEBUG c.s.i.c.s.Main$InboundPollingThread - Running 
12:54:19.740 [SMSServer - InboundPollingThread] DEBUG c.s.i.c.s.Main$InboundPollingThread - Running 
12:54:49.389 [main] INFO  com.stu.infra.cdc.sms.Main - Adding gateway - Modem1 
12:54:49.389 [main] INFO  com.stu.infra.cdc.sms.Main - SMSServer starting... 
12:55:07.618 [main] INFO  com.stu.infra.cdc.sms.Main - SMSServer started. 
12:55:07.618 [SMSServer - InboundPollingThread] DEBUG c.s.i.c.s.Main$InboundPollingThread - Running 
12:55:17.810 [SMSServer - InboundPollingThread] DEBUG c.s.i.c.s.Main$InboundPollingThread - Running 
12:55:18.201 [SMSServer - InboundPollingThread] INFO  com.stu.infra.cdc.sms.Main - readMessages - SMS RECEIVED ON Modem1:
6287825411059
Time=29-09-2016 19:00:00
Gv=220.25,220.02,219.50
Gi=3.32,3.30,3.23
Bv=48.55
Bi=3.40
Gbv=20.34
Go=0
Rs=1
Bs=1
Gf=0
Lf=0
Rf=0
Blv=0
Cdc=2
-----------------------------------------------
 
12:55:18.794 [Thread-18] INFO  c.stu.infra.cdc.util.UdpPacketUtil - SEND TO SERVER : {"id":11,"originator":"6287825411059","encoding":"7","messageDate":{"chronology":{"zone":{"fixed":true,"id":"UTC"}},"year":2016,"era":1,"dayOfMonth":19,"dayOfWeek":3,"dayOfYear":293,"weekOfWeekyear":42,"millisOfSecond":139,"secondOfMinute":11,"weekyear":2016,"monthOfYear":10,"yearOfEra":2016,"yearOfCentury":16,"centuryOfEra":20,"millisOfDay":46511139,"minuteOfHour":55,"hourOfDay":12,"fields":[{"lenient":false,"rangeDurationField":null,"leapDurationField":{"unitMillis":86400000,"precise":true,"name":"days","type":{"name":"days"},"supported":true},"minimumValue":-292275054,"maximumValue":292278993,"durationField":{"unitMillis":31556952000,"precise":false,"name":"years","type":{"name":"years"},"supported":true},"name":"year","type":{"rangeDurationType":null,"durationType":{"name":"years"},"name":"year"},"supported":true},{"lenient":false,"rangeDurationField":{"unitMillis":31556952000,"precise":false,"name":"years","type":{"name":"years"},"supported":true},"leapDurationField":{"unitMillis":86400000,"precise":true,"name":"days","type":{"name":"days"},"supported":true},"minimumValue":1,"maximumValue":12,"durationField":{"unitMillis":2629746000,"precise":false,"name":"months","type":{"name":"months"},"supported":true},"name":"monthOfYear","type":{"rangeDurationType":{"name":"years"},"durationType":{"name":"months"},"name":"monthOfYear"},"supported":true},{"rangeDurationField":{"unitMillis":2629746000,"precise":false,"name":"months","type":{"name":"months"},"supported":true},"minimumValue":1,"maximumValue":31,"lenient":false,"unitMillis":86400000,"durationField":{"unitMillis":86400000,"precise":true,"name":"days","type":{"name":"days"},"supported":true},"name":"dayOfMonth","type":{"rangeDurationType":{"name":"months"},"durationType":{"name":"days"},"name":"dayOfMonth"},"supported":true,"leapDurationField":null},{"rangeDurationField":{"unitMillis":86400000,"precise":true,"name":"days","type":{"name":"days"},"supported":true},"maximumValue":86399999,"range":86400000,"lenient":false,"unitMillis":1,"durationField":{"name":"millis","type":{"name":"millis"},"supported":true,"unitMillis":1,"precise":true},"minimumValue":0,"name":"millisOfDay","type":{"rangeDurationType":{"name":"days"},"durationType":{"name":"millis"},"name":"millisOfDay"},"supported":true,"leapDurationField":null}],"values":[2016,10,19,46511139],"fieldTypes":[{"rangeDurationType":null,"durationType":{"name":"years"},"name":"year"},{"rangeDurationType":{"name":"years"},"durationType":{"name":"months"},"name":"monthOfYear"},{"rangeDurationType":{"name":"months"},"durationType":{"name":"days"},"name":"dayOfMonth"},{"rangeDurationType":{"name":"days"},"durationType":{"name":"millis"},"name":"millisOfDay"}]},"receiveDate":{"chronology":{"zone":{"fixed":true,"id":"UTC"}},"year":2016,"era":1,"dayOfMonth":19,"dayOfWeek":3,"dayOfYear":293,"weekOfWeekyear":42,"millisOfSecond":232,"secondOfMinute":18,"weekyear":2016,"monthOfYear":10,"yearOfEra":2016,"yearOfCentury":16,"centuryOfEra":20,"millisOfDay":46518232,"minuteOfHour":55,"hourOfDay":12,"fields":[{"lenient":false,"rangeDurationField":null,"leapDurationField":{"unitMillis":86400000,"precise":true,"name":"days","type":{"name":"days"},"supported":true},"minimumValue":-292275054,"maximumValue":292278993,"durationField":{"unitMillis":31556952000,"precise":false,"name":"years","type":{"name":"years"},"supported":true},"name":"year","type":{"rangeDurationType":null,"durationType":{"name":"years"},"name":"year"},"supported":true},{"lenient":false,"rangeDurationField":{"unitMillis":31556952000,"precise":false,"name":"years","type":{"name":"years"},"supported":true},"leapDurationField":{"unitMillis":86400000,"precise":true,"name":"days","type":{"name":"days"},"supported":true},"minimumValue":1,"maximumValue":12,"durationField":{"unitMillis":2629746000,"precise":false,"name":"months","type":{"name":"months"},"supported":true},"name":"monthOfYear","type":{"rangeDurationType":{"name":"years"},"durationType":{"name":"months"},"name":"monthOfYear"},"supported":true},{"rangeDurationField":{"unitMillis":2629746000,"precise":false,"name":"months","type":{"name":"months"},"supported":true},"minimumValue":1,"maximumValue":31,"lenient":false,"unitMillis":86400000,"durationField":{"unitMillis":86400000,"precise":true,"name":"days","type":{"name":"days"},"supported":true},"name":"dayOfMonth","type":{"rangeDurationType":{"name":"months"},"durationType":{"name":"days"},"name":"dayOfMonth"},"supported":true,"leapDurationField":null},{"rangeDurationField":{"unitMillis":86400000,"precise":true,"name":"days","type":{"name":"days"},"supported":true},"maximumValue":86399999,"range":86400000,"lenient":false,"unitMillis":1,"durationField":{"name":"millis","type":{"name":"millis"},"supported":true,"unitMillis":1,"precise":true},"minimumValue":0,"name":"millisOfDay","type":{"rangeDurationType":{"name":"days"},"durationType":{"name":"millis"},"name":"millisOfDay"},"supported":true,"leapDurationField":null}],"values":[2016,10,19,46518232],"fieldTypes":[{"rangeDurationType":null,"durationType":{"name":"years"},"name":"year"},{"rangeDurationType":{"name":"years"},"durationType":{"name":"months"},"name":"monthOfYear"},{"rangeDurationType":{"name":"months"},"durationType":{"name":"days"},"name":"dayOfMonth"},{"rangeDurationType":{"name":"days"},"durationType":{"name":"millis"},"name":"millisOfDay"}]},"text":"Time=29-09-2016 19:00:00\nGv=220.25,220.02,219.50\nGi=3.32,3.30,3.23\nBv=48.55\nBi=3.40\nGbv=20.34\nGo=0\nRs=1\nBs=1\nGf=0\nLf=0\nRf=0\nBlv=0\nCdc=2","gatewayId":"Modem1"} 
12:55:18.951 [Thread-18] INFO  c.stu.infra.cdc.util.UdpPacketUtil - RECV FROM SERVER : {"ID":11,"ORIGINATOR":"6287825411059","ENCODING":"7","MESSAGEDATE":{"CHRONOLOGY":{"ZONE":{"FIXED":TRUE,"ID":"UTC"}},"YEAR":2016,"ERA":1,"DAYOFMONTH":19,"DAYOFWEEK":3,"DAYOFYEAR":293,"WEEKOFWEEKYEAR":42,"MILLISOFSECOND":139,"SECONDOFMINUTE":11,"WEEKYEAR":2016,"MONTHOFYEAR":10,"YEAROFERA":2016,"YEAROFCENTURY":16,"CENTURYOFERA":20,"MILLISOFDAY":46511139,"MINUTEOFHOUR":55,"HOUROFDAY":12,"FIELDS":[{"LENIENT":FALSE,"RANGEDURATIONFIELD":NULL,"LEAPDURATIONFIELD":{"UNITMILLIS":86400000,"PRECISE":TRUE,"NAME":"DAYS","TYPE":{"NAME":"DAYS"},"SUPPORTED":TRUE},"MINIMUMVALUE":-292275054,"MAXIMUMVALUE":292278993,"DURATIONFIELD":{"UNITMILLIS":31556952000,"PRECISE":FALSE,"NAME":"YEARS","TYPE":{"NAME":"YEARS"},"SUPPORTED":TRUE},"NAME":"YEAR","TYPE":{"RANGEDURATIONTYPE":NULL,"DURATIONTYPE":{"NAME":"YEARS"},"NAME":"YEAR"},"SUPPORTED":TRUE},{"LENIENT":FALSE,"RANGEDURATIONFIELD":{"UNITMILLIS":31556952000,"PRECISE":FALSE,"NAME":"YEARS","TYPE":{"NAME":"YEARS"},"SUPPORTED":TRUE},"LEAPDURATIONFIELD":{"UNITMILLIS":86400000,"PRECISE":TRUE 
12:55:28.924 [SMSServer - InboundPollingThread] DEBUG c.s.i.c.s.Main$InboundPollingThread - Running 
12:55:39.175 [SMSServer - InboundPollingThread] DEBUG c.s.i.c.s.Main$InboundPollingThread - Running 
13:10:09.884 [main] INFO  com.stu.infra.cdc.sms.Main - Adding gateway - Modem1 
13:10:09.884 [main] INFO  com.stu.infra.cdc.sms.Main - SMSServer starting... 
13:10:27.969 [main] INFO  com.stu.infra.cdc.sms.Main - SMSServer started. 
13:10:27.969 [SMSServer - InboundPollingThread] DEBUG c.s.i.c.s.Main$InboundPollingThread - Running 
13:10:38.124 [SMSServer - InboundPollingThread] DEBUG c.s.i.c.s.Main$InboundPollingThread - Running 
13:10:48.302 [SMSServer - InboundPollingThread] DEBUG c.s.i.c.s.Main$InboundPollingThread - Running 
13:10:58.468 [SMSServer - InboundPollingThread] DEBUG c.s.i.c.s.Main$InboundPollingThread - Running 
13:10:58.750 [SMSServer - InboundPollingThread] INFO  com.stu.infra.cdc.sms.Main - readMessages - SMS RECEIVED ON Modem1:
6287825411059
Time=29-09-2016 19:00:00
Gv=220.25,220.02,219.50
Gi=3.32,3.30,3.23
Bv=48.55
Bi=3.40
Gbv=20.34
Go=0
Rs=1
Bs=1
Gf=0
Lf=0
Rf=0
Blv=0
Cdc=2
-----------------------------------------------
 
13:10:59.417 [Thread-18] INFO  c.stu.infra.cdc.util.UdpPacketUtil - SEND TO SERVER : {"id":12,"originator":"6287825411059","encoding":"7","messageDate":"19-10-2016 13:10:48","receiveDate":{"chronology":{"zone":{"fixed":true,"id":"UTC"}},"year":2016,"era":1,"dayOfMonth":19,"dayOfWeek":3,"dayOfYear":293,"weekOfWeekyear":42,"millisOfSecond":800,"secondOfMinute":58,"weekyear":2016,"monthOfYear":10,"yearOfEra":2016,"yearOfCentury":16,"centuryOfEra":20,"millisOfDay":47458800,"minuteOfHour":10,"hourOfDay":13,"fields":[{"lenient":false,"rangeDurationField":null,"leapDurationField":{"unitMillis":86400000,"precise":true,"name":"days","type":{"name":"days"},"supported":true},"minimumValue":-292275054,"maximumValue":292278993,"durationField":{"unitMillis":31556952000,"precise":false,"name":"years","type":{"name":"years"},"supported":true},"name":"year","type":{"durationType":{"name":"years"},"rangeDurationType":null,"name":"year"},"supported":true},{"lenient":false,"rangeDurationField":{"unitMillis":31556952000,"precise":false,"name":"years","type":{"name":"years"},"supported":true},"leapDurationField":{"unitMillis":86400000,"precise":true,"name":"days","type":{"name":"days"},"supported":true},"minimumValue":1,"maximumValue":12,"durationField":{"unitMillis":2629746000,"precise":false,"name":"months","type":{"name":"months"},"supported":true},"name":"monthOfYear","type":{"durationType":{"name":"months"},"rangeDurationType":{"name":"years"},"name":"monthOfYear"},"supported":true},{"rangeDurationField":{"unitMillis":2629746000,"precise":false,"name":"months","type":{"name":"months"},"supported":true},"minimumValue":1,"maximumValue":31,"lenient":false,"durationField":{"unitMillis":86400000,"precise":true,"name":"days","type":{"name":"days"},"supported":true},"unitMillis":86400000,"name":"dayOfMonth","type":{"durationType":{"name":"days"},"rangeDurationType":{"name":"months"},"name":"dayOfMonth"},"supported":true,"leapDurationField":null},{"rangeDurationField":{"unitMillis":86400000,"precise":true,"name":"days","type":{"name":"days"},"supported":true},"maximumValue":86399999,"range":86400000,"lenient":false,"durationField":{"name":"millis","type":{"name":"millis"},"supported":true,"unitMillis":1,"precise":true},"minimumValue":0,"unitMillis":1,"name":"millisOfDay","type":{"durationType":{"name":"millis"},"rangeDurationType":{"name":"days"},"name":"millisOfDay"},"supported":true,"leapDurationField":null}],"values":[2016,10,19,47458800],"fieldTypes":[{"durationType":{"name":"years"},"rangeDurationType":null,"name":"year"},{"durationType":{"name":"months"},"rangeDurationType":{"name":"years"},"name":"monthOfYear"},{"durationType":{"name":"days"},"rangeDurationType":{"name":"months"},"name":"dayOfMonth"},{"durationType":{"name":"millis"},"rangeDurationType":{"name":"days"},"name":"millisOfDay"}]},"text":"Time=29-09-2016 19:00:00\nGv=220.25,220.02,219.50\nGi=3.32,3.30,3.23\nBv=48.55\nBi=3.40\nGbv=20.34\nGo=0\nRs=1\nBs=1\nGf=0\nLf=0\nRf=0\nBlv=0\nCdc=2","gatewayId":"Modem1"} 
13:10:59.578 [Thread-18] INFO  c.stu.infra.cdc.util.UdpPacketUtil - RECV FROM SERVER : {"ID":12,"ORIGINATOR":"6287825411059","ENCODING":"7","MESSAGEDATE":"19-10-2016 13:10:48","RECEIVEDATE":{"CHRONOLOGY":{"ZONE":{"FIXED":TRUE,"ID":"UTC"}},"YEAR":2016,"ERA":1,"DAYOFMONTH":19,"DAYOFWEEK":3,"DAYOFYEAR":293,"WEEKOFWEEKYEAR":42,"MILLISOFSECOND":800,"SECONDOFMINUTE":58,"WEEKYEAR":2016,"MONTHOFYEAR":10,"YEAROFERA":2016,"YEAROFCENTURY":16,"CENTURYOFERA":20,"MILLISOFDAY":47458800,"MINUTEOFHOUR":10,"HOUROFDAY":13,"FIELDS":[{"LENIENT":FALSE,"RANGEDURATIONFIELD":NULL,"LEAPDURATIONFIELD":{"UNITMILLIS":86400000,"PRECISE":TRUE,"NAME":"DAYS","TYPE":{"NAME":"DAYS"},"SUPPORTED":TRUE},"MINIMUMVALUE":-292275054,"MAXIMUMVALUE":292278993,"DURATIONFIELD":{"UNITMILLIS":31556952000,"PRECISE":FALSE,"NAME":"YEARS","TYPE":{"NAME":"YEARS"},"SUPPORTED":TRUE},"NAME":"YEAR","TYPE":{"DURATIONTYPE":{"NAME":"YEARS"},"RANGEDURATIONTYPE":NULL,"NAME":"YEAR"},"SUPPORTED":TRUE},{"LENIENT":FALSE,"RANGEDURATIONFIELD":{"UNITMILLIS":31556952000,"PRECISE":FALSE,"NAME":"YEARS","TYPE":{"NAME":"YEARS"},"SUPPORTED":TRUE},"LEAPDURATIONFIELD":{ 
13:11:09.501 [SMSServer - InboundPollingThread] DEBUG c.s.i.c.s.Main$InboundPollingThread - Running 
13:11:19.672 [SMSServer - InboundPollingThread] DEBUG c.s.i.c.s.Main$InboundPollingThread - Running 
13:11:29.836 [SMSServer - InboundPollingThread] DEBUG c.s.i.c.s.Main$InboundPollingThread - Running 
13:11:39.966 [SMSServer - InboundPollingThread] DEBUG c.s.i.c.s.Main$InboundPollingThread - Running 
13:16:28.303 [main] INFO  com.stu.infra.cdc.sms.Main - Adding gateway - Modem1 
13:16:28.303 [main] INFO  com.stu.infra.cdc.sms.Main - SMSServer starting... 
13:16:46.392 [main] INFO  com.stu.infra.cdc.sms.Main - SMSServer started. 
13:16:46.392 [SMSServer - InboundPollingThread] DEBUG c.s.i.c.s.Main$InboundPollingThread - Running 
13:16:56.562 [SMSServer - InboundPollingThread] DEBUG c.s.i.c.s.Main$InboundPollingThread - Running 
13:17:06.764 [SMSServer - InboundPollingThread] DEBUG c.s.i.c.s.Main$InboundPollingThread - Running 
13:17:16.933 [SMSServer - InboundPollingThread] DEBUG c.s.i.c.s.Main$InboundPollingThread - Running 
13:17:17.181 [SMSServer - InboundPollingThread] INFO  com.stu.infra.cdc.sms.Main - readMessages - SMS RECEIVED ON Modem1:
6287825411059
Time=29-09-2016 19:00:00
Gv=220.25,220.02,219.50
Gi=3.32,3.30,3.23
Bv=48.55
Bi=3.40
Gbv=20.34
Go=0
Rs=1
Bs=1
Gf=0
Lf=0
Rf=0
Blv=0
Cdc=2
-----------------------------------------------
 
13:17:17.807 [Thread-18] INFO  c.stu.infra.cdc.util.UdpPacketUtil - SEND TO SERVER : {"id":13,"originator":"6287825411059","encoding":"7","messageDate":{"year":2016,"era":1,"dayOfMonth":19,"dayOfWeek":3,"dayOfYear":293,"chronology":{"zone":{"fixed":true,"id":"UTC"}},"weekOfWeekyear":42,"weekyear":2016,"monthOfYear":10,"yearOfEra":2016,"yearOfCentury":16,"centuryOfEra":20,"millisOfDay":47830151,"minuteOfHour":17,"hourOfDay":13,"millisOfSecond":151,"secondOfMinute":10,"fields":[{"lenient":false,"minimumValue":-292275054,"maximumValue":292278993,"rangeDurationField":null,"leapDurationField":{"unitMillis":86400000,"precise":true,"name":"days","type":{"name":"days"},"supported":true},"durationField":{"unitMillis":31556952000,"precise":false,"name":"years","type":{"name":"years"},"supported":true},"name":"year","type":{"durationType":{"name":"years"},"rangeDurationType":null,"name":"year"},"supported":true},{"lenient":false,"minimumValue":1,"maximumValue":12,"rangeDurationField":{"unitMillis":31556952000,"precise":false,"name":"years","type":{"name":"years"},"supported":true},"leapDurationField":{"unitMillis":86400000,"precise":true,"name":"days","type":{"name":"days"},"supported":true},"durationField":{"unitMillis":2629746000,"precise":false,"name":"months","type":{"name":"months"},"supported":true},"name":"monthOfYear","type":{"durationType":{"name":"months"},"rangeDurationType":{"name":"years"},"name":"monthOfYear"},"supported":true},{"minimumValue":1,"maximumValue":31,"rangeDurationField":{"unitMillis":2629746000,"precise":false,"name":"months","type":{"name":"months"},"supported":true},"lenient":false,"unitMillis":86400000,"durationField":{"unitMillis":86400000,"precise":true,"name":"days","type":{"name":"days"},"supported":true},"name":"dayOfMonth","type":{"durationType":{"name":"days"},"rangeDurationType":{"name":"months"},"name":"dayOfMonth"},"supported":true,"leapDurationField":null},{"maximumValue":86399999,"range":86400000,"rangeDurationField":{"unitMillis":86400000,"precise":true,"name":"days","type":{"name":"days"},"supported":true},"lenient":false,"unitMillis":1,"durationField":{"name":"millis","type":{"name":"millis"},"supported":true,"unitMillis":1,"precise":true},"minimumValue":0,"name":"millisOfDay","type":{"durationType":{"name":"millis"},"rangeDurationType":{"name":"days"},"name":"millisOfDay"},"supported":true,"leapDurationField":null}],"values":[2016,10,19,47830151],"fieldTypes":[{"durationType":{"name":"years"},"rangeDurationType":null,"name":"year"},{"durationType":{"name":"months"},"rangeDurationType":{"name":"years"},"name":"monthOfYear"},{"durationType":{"name":"days"},"rangeDurationType":{"name":"months"},"name":"dayOfMonth"},{"durationType":{"name":"millis"},"rangeDurationType":{"name":"days"},"name":"millisOfDay"}]},"receiveDate":{"year":2016,"era":1,"dayOfMonth":19,"dayOfWeek":3,"dayOfYear":293,"chronology":{"zone":{"fixed":true,"id":"UTC"}},"weekOfWeekyear":42,"weekyear":2016,"monthOfYear":10,"yearOfEra":2016,"yearOfCentury":16,"centuryOfEra":20,"millisOfDay":47837211,"minuteOfHour":17,"hourOfDay":13,"millisOfSecond":211,"secondOfMinute":17,"fields":[{"lenient":false,"minimumValue":-292275054,"maximumValue":292278993,"rangeDurationField":null,"leapDurationField":{"unitMillis":86400000,"precise":true,"name":"days","type":{"name":"days"},"supported":true},"durationField":{"unitMillis":31556952000,"precise":false,"name":"years","type":{"name":"years"},"supported":true},"name":"year","type":{"durationType":{"name":"years"},"rangeDurationType":null,"name":"year"},"supported":true},{"lenient":false,"minimumValue":1,"maximumValue":12,"rangeDurationField":{"unitMillis":31556952000,"precise":false,"name":"years","type":{"name":"years"},"supported":true},"leapDurationField":{"unitMillis":86400000,"precise":true,"name":"days","type":{"name":"days"},"supported":true},"durationField":{"unitMillis":2629746000,"precise":false,"name":"months","type":{"name":"months"},"supported":true},"name":"monthOfYear","type":{"durationType":{"name":"months"},"rangeDurationType":{"name":"years"},"name":"monthOfYear"},"supported":true},{"minimumValue":1,"maximumValue":31,"rangeDurationField":{"unitMillis":2629746000,"precise":false,"name":"months","type":{"name":"months"},"supported":true},"lenient":false,"unitMillis":86400000,"durationField":{"unitMillis":86400000,"precise":true,"name":"days","type":{"name":"days"},"supported":true},"name":"dayOfMonth","type":{"durationType":{"name":"days"},"rangeDurationType":{"name":"months"},"name":"dayOfMonth"},"supported":true,"leapDurationField":null},{"maximumValue":86399999,"range":86400000,"rangeDurationField":{"unitMillis":86400000,"precise":true,"name":"days","type":{"name":"days"},"supported":true},"lenient":false,"unitMillis":1,"durationField":{"name":"millis","type":{"name":"millis"},"supported":true,"unitMillis":1,"precise":true},"minimumValue":0,"name":"millisOfDay","type":{"durationType":{"name":"millis"},"rangeDurationType":{"name":"days"},"name":"millisOfDay"},"supported":true,"leapDurationField":null}],"values":[2016,10,19,47837211],"fieldTypes":[{"durationType":{"name":"years"},"rangeDurationType":null,"name":"year"},{"durationType":{"name":"months"},"rangeDurationType":{"name":"years"},"name":"monthOfYear"},{"durationType":{"name":"days"},"rangeDurationType":{"name":"months"},"name":"dayOfMonth"},{"durationType":{"name":"millis"},"rangeDurationType":{"name":"days"},"name":"millisOfDay"}]},"text":"Time=29-09-2016 19:00:00\nGv=220.25,220.02,219.50\nGi=3.32,3.30,3.23\nBv=48.55\nBi=3.40\nGbv=20.34\nGo=0\nRs=1\nBs=1\nGf=0\nLf=0\nRf=0\nBlv=0\nCdc=2","gatewayId":"Modem1"} 
13:17:17.948 [Thread-18] INFO  c.stu.infra.cdc.util.UdpPacketUtil - RECV FROM SERVER : {"ID":13,"ORIGINATOR":"6287825411059","ENCODING":"7","MESSAGEDATE":{"YEAR":2016,"ERA":1,"DAYOFMONTH":19,"DAYOFWEEK":3,"DAYOFYEAR":293,"CHRONOLOGY":{"ZONE":{"FIXED":TRUE,"ID":"UTC"}},"WEEKOFWEEKYEAR":42,"WEEKYEAR":2016,"MONTHOFYEAR":10,"YEAROFERA":2016,"YEAROFCENTURY":16,"CENTURYOFERA":20,"MILLISOFDAY":47830151,"MINUTEOFHOUR":17,"HOUROFDAY":13,"MILLISOFSECOND":151,"SECONDOFMINUTE":10,"FIELDS":[{"LENIENT":FALSE,"MINIMUMVALUE":-292275054,"MAXIMUMVALUE":292278993,"RANGEDURATIONFIELD":NULL,"LEAPDURATIONFIELD":{"UNITMILLIS":86400000,"PRECISE":TRUE,"NAME":"DAYS","TYPE":{"NAME":"DAYS"},"SUPPORTED":TRUE},"DURATIONFIELD":{"UNITMILLIS":31556952000,"PRECISE":FALSE,"NAME":"YEARS","TYPE":{"NAME":"YEARS"},"SUPPORTED":TRUE},"NAME":"YEAR","TYPE":{"DURATIONTYPE":{"NAME":"YEARS"},"RANGEDURATIONTYPE":NULL,"NAME":"YEAR"},"SUPPORTED":TRUE},{"LENIENT":FALSE,"MINIMUMVALUE":1,"MAXIMUMVALUE":12,"RANGEDURATIONFIELD":{"UNITMILLIS":31556952000,"PRECISE":FALSE,"NAME":"YEARS","TYPE":{"NAME":"YEARS"},"SUPPORTED":TRUE},"LEAPDURATIONFIELD":{" 
13:17:27.812 [SMSServer - InboundPollingThread] DEBUG c.s.i.c.s.Main$InboundPollingThread - Running 
13:20:43.570 [main] INFO  com.stu.infra.cdc.sms.Main - Adding gateway - Modem1 
13:20:43.570 [main] INFO  com.stu.infra.cdc.sms.Main - SMSServer starting... 
13:21:01.666 [main] INFO  com.stu.infra.cdc.sms.Main - SMSServer started. 
13:21:01.666 [SMSServer - InboundPollingThread] DEBUG c.s.i.c.s.Main$InboundPollingThread - Running 
13:21:11.763 [SMSServer - InboundPollingThread] DEBUG c.s.i.c.s.Main$InboundPollingThread - Running 
13:21:21.854 [SMSServer - InboundPollingThread] DEBUG c.s.i.c.s.Main$InboundPollingThread - Running 
13:21:22.107 [SMSServer - InboundPollingThread] INFO  com.stu.infra.cdc.sms.Main - readMessages - SMS RECEIVED ON Modem1:
6287825411059
Time=29-09-2016 20:00:00
Gv=220.25,220.02,219.50
Gi=3.32,3.30,3.23
Bv=48.55
Bi=3.40
Gbv=20.34
Go=0
Rs=1
Bs=1
Gf=0
Lf=0
Rf=0
Blv=0
Cdc=2
-----------------------------------------------
 
13:21:22.660 [Thread-18] INFO  c.stu.infra.cdc.util.UdpPacketUtil - SEND TO SERVER : {"id":14,"originator":"6287825411059","encoding":"7","messageDate":"2016-10-19 13:21:15","receiveDate":"2016-10-19 13:21:22","text":"Time=29-09-2016 20:00:00\nGv=220.25,220.02,219.50\nGi=3.32,3.30,3.23\nBv=48.55\nBi=3.40\nGbv=20.34\nGo=0\nRs=1\nBs=1\nGf=0\nLf=0\nRf=0\nBlv=0\nCdc=2","gatewayId":"Modem1"} 
13:21:22.791 [Thread-18] INFO  c.stu.infra.cdc.util.UdpPacketUtil - RECV FROM SERVER : {"ID":14,"ORIGINATOR":"6287825411059","ENCODING":"7","MESSAGEDATE":"2016-10-19 13:21:15","RECEIVEDATE":"2016-10-19 13:21:22","TEXT":"TIME=29-09-2016 20:00:00\NGV=220.25,220.02,219.50\NGI=3.32,3.30,3.23\NBV=48.55\NBI=3.40\NGBV=20.34\NGO=0\NRS=1\NBS=1\NGF=0\NLF=0\NRF=0\NBLV=0\NCDC=2","GATEWAYID":"MODEM1"}                                                                                                                                                                                                                                                                                                                                                                                                                                                                                                                                                                                                                                                                                                                                                 
13:21:32.754 [SMSServer - InboundPollingThread] DEBUG c.s.i.c.s.Main$InboundPollingThread - Running 
13:21:42.843 [SMSServer - InboundPollingThread] DEBUG c.s.i.c.s.Main$InboundPollingThread - Running 
13:21:52.924 [SMSServer - InboundPollingThread] DEBUG c.s.i.c.s.Main$InboundPollingThread - Running 
13:22:03.027 [SMSServer - InboundPollingThread] DEBUG c.s.i.c.s.Main$InboundPollingThread - Running 
13:22:13.119 [SMSServer - InboundPollingThread] DEBUG c.s.i.c.s.Main$InboundPollingThread - Running 
13:22:23.191 [SMSServer - InboundPollingThread] DEBUG c.s.i.c.s.Main$InboundPollingThread - Running 
13:29:23.387 [main] INFO  com.stu.infra.cdc.sms.Main - Adding gateway - Modem1 
13:29:23.387 [main] INFO  com.stu.infra.cdc.sms.Main - SMSServer starting... 
13:29:41.483 [main] INFO  com.stu.infra.cdc.sms.Main - SMSServer started. 
13:29:41.483 [SMSServer - InboundPollingThread] DEBUG c.s.i.c.s.Main$InboundPollingThread - Running 
13:29:51.547 [SMSServer - InboundPollingThread] DEBUG c.s.i.c.s.Main$InboundPollingThread - Running 
13:30:01.637 [SMSServer - InboundPollingThread] DEBUG c.s.i.c.s.Main$InboundPollingThread - Running 
13:30:11.699 [SMSServer - InboundPollingThread] DEBUG c.s.i.c.s.Main$InboundPollingThread - Running 
13:30:11.955 [SMSServer - InboundPollingThread] INFO  com.stu.infra.cdc.sms.Main - readMessages - SMS RECEIVED ON Modem1:
6287825411059
Time=29-09-2016 20:00:00
Gv=220.25,220.02,219.50
Gi=3.32,3.30,3.23
Bv=48.55
Bi=3.40
Gbv=20.34
Go=0
Rs=1
Bs=1
Gf=0
Lf=0
Rf=0
Blv=0
Cdc=2
-----------------------------------------------
 
13:30:12.544 [Thread-18] INFO  c.stu.infra.cdc.util.UdpPacketUtil - SEND TO SERVER : {"id":15,"originator":"6287825411059","encoding":"7","messageDate":[2016,10,19,13,30,6,915],"receiveDate":[2016,10,19,13,30,12,5],"text":"Time=29-09-2016 20:00:00\nGv=220.25,220.02,219.50\nGi=3.32,3.30,3.23\nBv=48.55\nBi=3.40\nGbv=20.34\nGo=0\nRs=1\nBs=1\nGf=0\nLf=0\nRf=0\nBlv=0\nCdc=2","gatewayId":"Modem1"} 
13:30:12.685 [Thread-18] INFO  c.stu.infra.cdc.util.UdpPacketUtil - RECV FROM SERVER : {"ID":15,"ORIGINATOR":"6287825411059","ENCODING":"7","MESSAGEDATE":[2016,10,19,13,30,6,915],"RECEIVEDATE":[2016,10,19,13,30,12,5],"TEXT":"TIME=29-09-2016 20:00:00\NGV=220.25,220.02,219.50\NGI=3.32,3.30,3.23\NBV=48.55\NBI=3.40\NGBV=20.34\NGO=0\NRS=1\NBS=1\NGF=0\NLF=0\NRF=0\NBLV=0\NCDC=2","GATEWAYID":"MODEM1"}                                                                                                                                                                                                                                                                                                                                                                                                                                                                                                                                                                                                                                                                                                                                            
13:30:22.592 [SMSServer - InboundPollingThread] DEBUG c.s.i.c.s.Main$InboundPollingThread - Running 
13:30:32.680 [SMSServer - InboundPollingThread] DEBUG c.s.i.c.s.Main$InboundPollingThread - Running 
13:30:42.761 [SMSServer - InboundPollingThread] DEBUG c.s.i.c.s.Main$InboundPollingThread - Running 
13:30:52.832 [SMSServer - InboundPollingThread] DEBUG c.s.i.c.s.Main$InboundPollingThread - Running 
13:34:20.826 [main] INFO  com.stu.infra.cdc.sms.Main - Adding gateway - Modem1 
13:34:20.826 [main] INFO  com.stu.infra.cdc.sms.Main - SMSServer starting... 
13:34:38.900 [main] INFO  com.stu.infra.cdc.sms.Main - SMSServer started. 
13:34:38.903 [SMSServer - InboundPollingThread] DEBUG c.s.i.c.s.Main$InboundPollingThread - Running 
13:34:49.005 [SMSServer - InboundPollingThread] DEBUG c.s.i.c.s.Main$InboundPollingThread - Running 
13:34:59.075 [SMSServer - InboundPollingThread] DEBUG c.s.i.c.s.Main$InboundPollingThread - Running 
13:35:09.147 [SMSServer - InboundPollingThread] DEBUG c.s.i.c.s.Main$InboundPollingThread - Running 
13:35:19.217 [SMSServer - InboundPollingThread] DEBUG c.s.i.c.s.Main$InboundPollingThread - Running 
13:35:29.300 [SMSServer - InboundPollingThread] DEBUG c.s.i.c.s.Main$InboundPollingThread - Running 
13:35:39.396 [SMSServer - InboundPollingThread] DEBUG c.s.i.c.s.Main$InboundPollingThread - Running 
13:35:39.627 [SMSServer - InboundPollingThread] INFO  com.stu.infra.cdc.sms.Main - readMessages - SMS RECEIVED ON Modem1:
6287825411059
Time=29-09-2016 20:00:00
Gv=220.25,220.02,219.50
Gi=3.32,3.30,3.23
Bv=48.55
Bi=3.40
Gbv=20.34
Go=0
Rs=1
Bs=1
Gf=0
Lf=0
Rf=0
Blv=0
Cdc=2
-----------------------------------------------
 
13:35:40.191 [Thread-18] INFO  c.stu.infra.cdc.util.UdpPacketUtil - SEND TO SERVER : {"id":16,"originator":"6287825411059","encoding":"7","messageDate":"2016-10-19 13:35:30","receiveDate":"2016-10-19 13:35:39","text":"Time=29-09-2016 20:00:00\nGv=220.25,220.02,219.50\nGi=3.32,3.30,3.23\nBv=48.55\nBi=3.40\nGbv=20.34\nGo=0\nRs=1\nBs=1\nGf=0\nLf=0\nRf=0\nBlv=0\nCdc=2","gatewayId":"Modem1"} 
13:35:40.342 [Thread-18] INFO  c.stu.infra.cdc.util.UdpPacketUtil - RECV FROM SERVER : {"ID":16,"ORIGINATOR":"6287825411059","ENCODING":"7","MESSAGEDATE":"2016-10-19 13:35:30","RECEIVEDATE":"2016-10-19 13:35:39","TEXT":"TIME=29-09-2016 20:00:00\NGV=220.25,220.02,219.50\NGI=3.32,3.30,3.23\NBV=48.55\NBI=3.40\NGBV=20.34\NGO=0\NRS=1\NBS=1\NGF=0\NLF=0\NRF=0\NBLV=0\NCDC=2","GATEWAYID":"MODEM1"}                                                                                                                                                                                                                                                                                                                                                                                                                                                                                                                                                                                                                                                                                                                                                 
13:35:50.280 [SMSServer - InboundPollingThread] DEBUG c.s.i.c.s.Main$InboundPollingThread - Running 
13:36:00.353 [SMSServer - InboundPollingThread] DEBUG c.s.i.c.s.Main$InboundPollingThread - Running 
13:36:10.442 [SMSServer - InboundPollingThread] DEBUG c.s.i.c.s.Main$InboundPollingThread - Running 
13:36:20.503 [SMSServer - InboundPollingThread] DEBUG c.s.i.c.s.Main$InboundPollingThread - Running 
14:20:33.794 [main] INFO  com.stu.infra.cdc.sms.Main - Adding gateway - Modem1 
14:20:33.795 [main] INFO  com.stu.infra.cdc.sms.Main - SMSServer starting... 
14:21:05.883 [main] INFO  com.stu.infra.cdc.sms.Main - SMSServer started. 
14:21:05.883 [SMSServer - InboundPollingThread] DEBUG c.s.i.c.s.Main$InboundPollingThread - Running 
14:21:15.983 [SMSServer - InboundPollingThread] DEBUG c.s.i.c.s.Main$InboundPollingThread - Running 
14:21:26.052 [SMSServer - InboundPollingThread] DEBUG c.s.i.c.s.Main$InboundPollingThread - Running 
14:21:36.127 [SMSServer - InboundPollingThread] DEBUG c.s.i.c.s.Main$InboundPollingThread - Running 
14:21:46.219 [SMSServer - InboundPollingThread] DEBUG c.s.i.c.s.Main$InboundPollingThread - Running 
14:21:56.322 [SMSServer - InboundPollingThread] DEBUG c.s.i.c.s.Main$InboundPollingThread - Running 
14:21:56.537 [SMSServer - InboundPollingThread] INFO  com.stu.infra.cdc.sms.Main - readMessages - SMS RECEIVED ON Modem1:
6287825411059
Time=29-09-2016 21:00:00
Gv=220.25,220.02,219.50
Gi=3.32,3.30,3.23
Bv=48.55
Bi=3.40
Gbv=20.34
Go=0
Rs=1
Bs=1
Gf=0
Lf=0
Rf=0
Blv=0
Cdc=2
-----------------------------------------------
 
14:21:57.121 [Thread-18] INFO  c.stu.infra.cdc.util.UdpPacketUtil - SEND TO SERVER : {"id":17,"originator":"6287825411059","encoding":"7","messageDate":"2016-10-19 14:21:43","receiveDate":"2016-10-19 14:21:56","text":"Time=29-09-2016 21:00:00\nGv=220.25,220.02,219.50\nGi=3.32,3.30,3.23\nBv=48.55\nBi=3.40\nGbv=20.34\nGo=0\nRs=1\nBs=1\nGf=0\nLf=0\nRf=0\nBlv=0\nCdc=2","gatewayId":"Modem1"} 
14:21:57.350 [Thread-18] INFO  c.stu.infra.cdc.util.UdpPacketUtil - RECV FROM SERVER : OK                                                                                                                                                                                                                                                                                                                                                                                                                                                                                                                                                                                                                                                                                                                                                                                                                                                                                                                                                                                                                                                               
14:22:07.149 [SMSServer - InboundPollingThread] DEBUG c.s.i.c.s.Main$InboundPollingThread - Running 
14:22:17.241 [SMSServer - InboundPollingThread] DEBUG c.s.i.c.s.Main$InboundPollingThread - Running 
14:22:27.313 [SMSServer - InboundPollingThread] DEBUG c.s.i.c.s.Main$InboundPollingThread - Running 
14:22:37.357 [SMSServer - InboundPollingThread] DEBUG c.s.i.c.s.Main$InboundPollingThread - Running 
14:22:47.444 [SMSServer - InboundPollingThread] DEBUG c.s.i.c.s.Main$InboundPollingThread - Running 
14:22:57.509 [SMSServer - InboundPollingThread] DEBUG c.s.i.c.s.Main$InboundPollingThread - Running 
14:23:07.608 [SMSServer - InboundPollingThread] DEBUG c.s.i.c.s.Main$InboundPollingThread - Running 
14:23:17.679 [SMSServer - InboundPollingThread] DEBUG c.s.i.c.s.Main$InboundPollingThread - Running 
14:23:27.727 [SMSServer - InboundPollingThread] DEBUG c.s.i.c.s.Main$InboundPollingThread - Running 
14:23:37.797 [SMSServer - InboundPollingThread] DEBUG c.s.i.c.s.Main$InboundPollingThread - Running 
14:23:47.878 [SMSServer - InboundPollingThread] DEBUG c.s.i.c.s.Main$InboundPollingThread - Running 
15:53:46.522 [main] ERROR com.stu.infra.cdc.sms.Main - SMSServer Error:  
java.lang.NullPointerException: null
	at org.smslib.notify.NotifyQueueManager.cancel(NotifyQueueManager.java:66) ~[smslib-3.5.4.jar:3.5.4]
	at org.smslib.Service.stopService(Service.java:356) ~[smslib-3.5.4.jar:3.5.4]
	at com.stu.infra.cdc.sms.Main.run(Main.java:312) ~[classes/:na]
	at com.stu.infra.cdc.sms.Main.main(Main.java:345) ~[classes/:na]
15:53:46.568 [main] ERROR com.stu.infra.cdc.sms.Main - SMSServer error while shutting down:  
java.lang.NullPointerException: null
	at org.smslib.notify.NotifyQueueManager.cancel(NotifyQueueManager.java:66) ~[smslib-3.5.4.jar:3.5.4]
	at org.smslib.Service.stopService(Service.java:356) ~[smslib-3.5.4.jar:3.5.4]
	at com.stu.infra.cdc.sms.Main.main(Main.java:352) ~[classes/:na]
15:53:46.584 [Thread-0] INFO  com.stu.infra.cdc.sms.Main$Shutdown - Shutting down SMS Server.. 
15:53:46.584 [Thread-0] ERROR com.stu.infra.cdc.sms.Main$Shutdown - Shutdown hook error. 
java.lang.NullPointerException: null
	at org.smslib.notify.NotifyQueueManager.cancel(NotifyQueueManager.java:66) ~[smslib-3.5.4.jar:3.5.4]
	at org.smslib.Service.stopService(Service.java:356) ~[smslib-3.5.4.jar:3.5.4]
	at com.stu.infra.cdc.sms.Main$Shutdown.run(Main.java:69) ~[classes/:na]
15:53:46.584 [Thread-0] INFO  com.stu.infra.cdc.sms.Main$Shutdown - SMS Server stopped. 
16:00:22.396 [main] INFO  com.stu.infra.cdc.sms.Main - Adding gateway - Modem1 
16:00:22.427 [main] INFO  com.stu.infra.cdc.sms.Main - SMSServer starting... 
16:00:44.615 [main] INFO  com.stu.infra.cdc.sms.Main - SMSServer started. 
16:00:44.615 [SMSServer - InboundPollingThread] DEBUG c.s.i.c.s.Main$InboundPollingThread - Running 
16:00:54.731 [SMSServer - InboundPollingThread] DEBUG c.s.i.c.s.Main$InboundPollingThread - Running 
16:01:04.854 [SMSServer - InboundPollingThread] DEBUG c.s.i.c.s.Main$InboundPollingThread - Running 
16:01:14.972 [SMSServer - InboundPollingThread] DEBUG c.s.i.c.s.Main$InboundPollingThread - Running 
16:01:25.089 [SMSServer - InboundPollingThread] DEBUG c.s.i.c.s.Main$InboundPollingThread - Running 
16:01:35.208 [SMSServer - InboundPollingThread] DEBUG c.s.i.c.s.Main$InboundPollingThread - Running 
16:01:45.311 [SMSServer - InboundPollingThread] DEBUG c.s.i.c.s.Main$InboundPollingThread - Running 
16:01:55.454 [SMSServer - InboundPollingThread] DEBUG c.s.i.c.s.Main$InboundPollingThread - Running 
16:02:05.578 [SMSServer - InboundPollingThread] DEBUG c.s.i.c.s.Main$InboundPollingThread - Running 
16:02:15.706 [SMSServer - InboundPollingThread] DEBUG c.s.i.c.s.Main$InboundPollingThread - Running 
16:02:25.832 [SMSServer - InboundPollingThread] DEBUG c.s.i.c.s.Main$InboundPollingThread - Running 
16:02:35.941 [SMSServer - InboundPollingThread] DEBUG c.s.i.c.s.Main$InboundPollingThread - Running 
16:02:46.039 [SMSServer - InboundPollingThread] DEBUG c.s.i.c.s.Main$InboundPollingThread - Running 
16:02:56.163 [SMSServer - InboundPollingThread] DEBUG c.s.i.c.s.Main$InboundPollingThread - Running 
16:03:06.218 [SMSServer - InboundPollingThread] DEBUG c.s.i.c.s.Main$InboundPollingThread - Running 
16:03:16.343 [SMSServer - InboundPollingThread] DEBUG c.s.i.c.s.Main$InboundPollingThread - Running 
16:03:26.463 [SMSServer - InboundPollingThread] DEBUG c.s.i.c.s.Main$InboundPollingThread - Running 
16:03:36.576 [SMSServer - InboundPollingThread] DEBUG c.s.i.c.s.Main$InboundPollingThread - Running 
16:03:46.698 [SMSServer - InboundPollingThread] DEBUG c.s.i.c.s.Main$InboundPollingThread - Running 
16:03:56.808 [SMSServer - InboundPollingThread] DEBUG c.s.i.c.s.Main$InboundPollingThread - Running 
16:04:06.920 [SMSServer - InboundPollingThread] DEBUG c.s.i.c.s.Main$InboundPollingThread - Running 
16:04:17.025 [SMSServer - InboundPollingThread] DEBUG c.s.i.c.s.Main$InboundPollingThread - Running 
16:04:17.494 [SMSServer - InboundPollingThread] INFO  com.stu.infra.cdc.sms.Main - readMessages - SMS RECEIVED ON Modem1:
6287825411059
Time=29-09-2016 22:00:00
Gv=220.25,220.02,219.50
Gi=3.32,3.30,3.23
Bv=48.55
Bi=3.40
Gbv=20.34
Go=0
Rs=1
Bs=1
Gf=0
Lf=0
Rf=0
Blv=0
Cdc=2
-----------------------------------------------
 
16:04:18.829 [Thread-18] INFO  c.stu.infra.cdc.util.UdpPacketUtil - SEND TO SERVER : {"id":1,"originator":"087825411059","encoding":"7","messageDate":"2016-10-19 16:04:10","receiveDate":"2016-10-19 16:04:17","text":"Time=29-09-2016 22:00:00\nGv=220.25,220.02,219.50\nGi=3.32,3.30,3.23\nBv=48.55\nBi=3.40\nGbv=20.34\nGo=0\nRs=1\nBs=1\nGf=0\nLf=0\nRf=0\nBlv=0\nCdc=2","gatewayId":"Modem1"} 
16:04:19.095 [Thread-18] INFO  c.stu.infra.cdc.util.UdpPacketUtil - RECV FROM SERVER : OK                                                                                                                                                                                                                                                                                                                                                                                                                                                                                                                                                                                                                                                                                                                                                                                                                                                                                                                                                                                                                                                               
16:04:28.613 [SMSServer - InboundPollingThread] DEBUG c.s.i.c.s.Main$InboundPollingThread - Running 
16:04:38.700 [SMSServer - InboundPollingThread] DEBUG c.s.i.c.s.Main$InboundPollingThread - Running 
16:04:48.817 [SMSServer - InboundPollingThread] DEBUG c.s.i.c.s.Main$InboundPollingThread - Running 
16:04:58.930 [SMSServer - InboundPollingThread] DEBUG c.s.i.c.s.Main$InboundPollingThread - Running 
